[RUN #0 5 10]
-195 -768 -558 -350 -985
-122 -183 430 129 455
-183 970 128 74 106
36 -971 848 -552 417
-285 957 -598 223 -326
-614 -945 401 -584 -413
896 -542 304 -489 653
-122 -416 -520 -461 -555
-813 947 649 -633 -471
-899 671 195 -148 57
[RUN #1 3 100]
-663 -124 966
857 -460 -503
-461 778 -437
-588 -402 480
103 -594 362
-416 955 890
-3 -65 630
761 -637 -582
-793 -467 -402
830 -82 719
-42 608 883
-972 933 -840
-631 440 491
-291 327 -565
723 -254 741
-547 242 -395
-845 289 774
-30 -856 -938
-614 943 -677
-343 334 480
62 -372 670
366 -388 396
222 447 166
-515 41 440
-424 -896 -225
-327 -228 -418
990 -680 637
150 -641 879
65 -35 215
-680 -64 506
385 596 64
-629 -706 525
739 -537 998
682 -196 -96
135 -359 603
-906 491 -916
326 473 -557
-100 -400 895
-298 965 -25
808 195 438
900 573 -807
556 -779 462
985 -933 856
750 63 695
808 987 -825
876 -757 -356
964 -593 -265
994 921 603
123 -941 343
-718 255 -127
-36 5 -734
855 469 -335
-397 -720 -627
-179 924 -650
820 44 -59
611 -54 873
-553 -291 803
280 -956 408
227 -204 977
215 815 -455
-12 -658 516
-111 397 -989
-209 -167 608
966 340 -702
-404 4 -854
660 -138 283
-141 -719 165
764 -583 293
-724 -661 514
835 -147 -603
661 198 538
116 433 -378
-520 508 -737
910 -907 -767
830 -185 -682
521 -705 962
279 -351 830
892 9 -638
-765 734 -404
517 -804 -264
943 298 5
60 -252 -639
527 -322 -12
88 -436 231
325 207 -950
219 -791 131
-564 -350 704
66 -760 -985
388 -742 128
861 -98 -274
-462 -926 -433
-154 -182 891
826 571 -635
399 -886 -916
775 -704 936
623 727 550
-403 744 -60
716 -759 368
554 806 928
-128 -69 644
[RUN #2 5 100]
604 295 -337 -251 678
360 205 812 -533 26
735 331 -869 879 246
-502 -898 921 625 -613
561 398 -5 78 -938
-351 792 521 -146 -575
-849 466 507 881 -528
958 298 -623 301 541
-947 703 173 811 757
223 327 39 667 -308
-376 420 914 311 850
399 -109 -766 -175 629
-132 115 -866 -199 367
546 433 -423 -274 -850
175 -477 555 994 303
485 -892 -235 -302 890
-449 -31 -760 -161 -25
-343 -42 834 109 -463
-943 -673 -552 -885 791
-653 -437 -269 -383 -701
-732 487 -542 -693 902
-641 575 -258 920 -416
-347 225 209 220 -254
989 795 498 -191 439
961 62 -253 -856 -396
62 -158 -282 -735 152
-418 508 953 -615 498
369 730 133 346 406
477 -757 -753 819 303
818 -756 305 623 -48
-116 -906 617 -653 -131
653 984 -30 -94 83
90 171 108 124 226
516 415 593 -728 610
444 428 -512 962 -575
187 617 238 330 227
-59 401 278 906 -371
266 409 -819 543 -627
-542 -722 -290 794 698
792 457 326 975 -163
86 -250 -371 -522 -320
575 -688 -120 194 -242
644 672 -307 -449 -656
-629 -602 46 142 -448
819 -16 738 591 -898
-108 33 -161 -575 313
955 772 -220 -122 252
521 441 352 581 -953
608 657 478 549 758
989 750 -622 -615 -435
-269 31 -46 -720 -321
-732 588 290 -971 -718
-29 147 954 -497 832
261 557 -333 182 -1
178 -928 -290 -708 -832
495 -526 -854 -62 733
-49 262 -164 476 675
-138 -984 -276 -584 126
-432 116 -338 -459 113
138 374 -845 867 403
770 -740 -303 -131 435
-233 749 478 -284 -876
-810 431 -163 -357 -448
417 79 994 -710 -453
351 791 -564 -166 -402
568 -449 -369 -69 971
590 312 -123 -644 -216
224 -509 305 324 -1000
839 -296 -612 -202 -290
-443 -112 357 17 -732
-427 680 -58 -630 -5
-145 -147 100 -309 -13
-232 677 -439 48 -687
404 -5 -951 454 -501
11 342 -436 -156 -651
-143 479 657 573 985
688 -408 141 -336 163
-981 -459 -597 -875 754
-287 238 56 313 -128
894 -206 -924 -552 652
444 835 554 864 170
121 -121 -336 700 607
870 678 552 -336 -838
590 -979 557 -932 -817
-98 282 -750 -23 183
-761 -144 -863 912 770
413 -286 -326 97 547
-886 -937 -31 -963 231
-650 -74 -387 840 -613
-831 405 -100 753 -223
-83 -499 -195 217 671
-20 277 179 744 110
-408 45 -824 -838 355
-738 613 -889 901 81
-406 -296 366 -338 -735
-167 506 -909 573 -685
-302 -72 556 -920 -828
-964 -981 -245 82 -418
440 360 -43 -156 539
45 345 425 -485 618
[RUN #3 100 100]
-485 -364 -289 991 48 947 210 710 -832 775 321 240 -918 -691 -108 -3 849 454 988 218 691 -30 433 530 186 929 -351 -557 950 651 399 327 -44 -304 824 809 -917 199 -52 -231 -621 752 -482 -313 205 563 -323 -384 278 -673 -344 -411 -586 -697 -1 -798 465 973 428 552 -477 -709 977 -106 -105 690 759 526 -807 91 673 418 -882 15 -872 -370 883 -35 150 861 873 -853 -309 -65 -38 910 207 -424 -409 -999 21 -265 260 688 902 -566 -292 732 404 923
-828 736 -786 528 -675 -760 -435 -724 412 960 118 -709 -582 729 264 -606 77 356 320 150 934 566 102 -297 -559 48 340 -684 -783 352 -579 -340 669 476 536 750 158 -918 867 793 4 -624 -929 -621 -178 -345 585 873 173 -48 -754 561 849 218 -198 617 -963 269 -411 190 196 151 620 317 -205 130 448 287 522 830 113 -968 -493 -323 383 -900 712 -952 880 947 -928 725 614 -734 495 -829 -220 902 -51 984 925 -823 431 -389 -872 965 -487 381 539 -961
-494 -730 -869 533 -601 954 113 207 -322 86 -794 -942 269 -230 462 878 401 -729 -878 147 -433 867 715 424 414 278 732 44 -457 -179 -220 -16 -584 -299 261 365 669 550 -24 -968 314 -573 -30 712 -464 -754 239 -173 -844 145 -702 -436 -138 862 449 -497 428 -614 -235 295 553 363 394 -884 -239 193 -290 541 757 -125 950 889 765 -840 679 455 58 597 -92 496 74 639 595 644 -608 819 -948 -32 -923 405 -717 353 8 986 -941 -272 -172 -139 -775 -424
309 778 -321 128 -168 -219 -365 851 772 31 727 423 751 -368 756 -235 863 -863 808 347 -339 801 -308 112 530 259 -398 -484 946 357 -905 -686 -621 552 -532 47 177 -509 914 -338 669 -937 -157 -511 -525 818 -105 126 -733 -713 516 -450 215 395 -512 791 -632 -78 178 853 -692 444 504 953 -32 844 -719 965 -561 -827 483 -237 515 344 702 -605 -751 597 -312 -724 806 626 560 -447 615 -756 701 -263 -740 11 840 -800 -550 -714 -537 -917 -720 -546 -177 -651
-680 -519 -808 -150 -310 979 -114 -317 387 692 -511 -455 -785 420 -351 30 -783 -957 -295 -190 -236 -238 -556 816 -628 -696 -879 -807 701 -27 -325 -146 -449 867 -677 -458 5 -531 -528 323 -848 -343 258 68 -273 84 -181 -670 525 -924 -434 -260 -508 -802 28 473 452 -706 -855 992 -58 849 -407 967 -886 -620 -215 927 456 998 265 781 224 -223 191 86 749 308 831 76 217 400 996 846 -478 253 -726 -502 798 -875 -757 483 616 -691 -23 679 -741 -708 -125 -627
194 -722 654 836 51 862 -941 638 -136 843 -471 708 -328 -162 -615 -454 152 574 649 -687 -492 -312 973 369 -923 880 -72 82 -353 506 811 133 -826 561 -800 -840 -402 -589 80 -340 -990 118 464 544 -316 365 171 465 -45 109 -925 -832 -600 -268 726 962 288 848 898 -789 -864 -49 816 722 -689 -227 131 -879 627 -406 -892 758 765 939 -323 -850 -607 411 -543 913 -916 -538 -712 -871 857 829 888 48 125 863 -43 305 -108 -820 -63 209 309 780 -286 686
-663 889 670 723 272 729 -901 467 345 -211 -624 73 -622 867 -659 -182 985 -806 221 -270 -178 921 39 -125 -735 -295 -492 -921 527 955 446 -391 326 -425 794 -484 696 947 -826 -535 -637 -143 -254 -55 -590 668 -634 589 957 -882 -440 831 -432 609 -40 -955 -396 -269 403 237 -337 -947 -153 769 976 -527 519 -557 556 -601 824 319 -673 -381 134 -227 -719 521 -796 373 -765 200 643 -411 -985 337 -608 245 -653 978 439 -920 152 942 -933 853 267 -282 -281 424
-941 -590 773 371 145 -374 -208 -119 -886 389 -340 -14 -84 559 -884 566 -943 750 -574 0 710 -709 -393 -677 10 -360 708 -177 -218 -77 341 99 -93 679 -173 -588 654 -761 -978 6 577 285 788 -544 -593 -247 18 -691 -51 -839 415 580 -837 -842 -347 501 -743 -539 -991 -425 -514 -429 358 630 823 310 970 -878 -153 -499 638 -823 657 849 221 729 -407 -835 -209 -758 665 424 -564 -561 -730 -921 -345 -92 973 -612 -726 -277 -625 938 -951 -367 -405 702 -377 777
939 803 -127 -2 645 -354 -334 -750 437 -813 642 -337 564 538 890 -7 -644 943 -542 -389 -839 -403 282 -846 -359 966 551 12 597 885 -89 -585 924 -484 -446 -792 358 -950 574 -238 625 137 46 468 2 136 -685 -515 78 602 492 -631 781 -993 283 310 693 -952 -336 535 749 124 552 -262 -668 -31 884 553 -374 -691 3 -358 188 525 478 547 496 256 -162 -91 713 -486 -719 -840 862 -325 -415 -73 894 -306 806 313 -495 864 572 -219 990 797 -921 896
443 362 -531 -786 -396 323 -887 268 28 -269 -30 -773 -183 114 -311 -4 435 -684 638 -2 -194 -915 814 658 997 646 781 -910 651 -563 -958 -329 -527 173 154 547 342 479 -991 542 -130 233 -174 689 -410 722 -140 -614 402 134 -72 -341 829 458 -591 71 -91 102 232 489 440 -251 -859 320 -849 -305 -571 108 998 559 -582 112 738 -858 -373 -232 710 110 20 960 537 498 -175 485 -169 -13 -630 946 767 -416 470 -814 -793 -626 -236 316 -743 -20 -216 939
210 -428 -121 -157 235 -652 -995 -731 663 340 654 206 502 -406 -145 892 280 118 -11 400 811 341 -825 716 -691 512 -63 -598 -188 -380 -536 -531 476 307 -421 595 -14 -651 784 -359 -568 -773 535 550 861 381 722 659 -534 -224 675 -953 883 152 -289 -947 77 -902 -946 -540 -269 -801 579 543 155 -669 862 17 -466 -913 -210 544 952 -366 531 465 325 -138 141 -908 -650 -688 594 475 -192 932 -469 630 -715 -460 597 -102 -687 973 244 388 250 924 718 -769
-564 -168 -531 -788 668 -627 885 -393 -590 104 -680 829 936 266 169 601 -41 -666 -588 -437 -254 -931 -941 851 442 -669 609 456 944 162 48 827 708 -828 -144 353 406 -687 -854 343 -146 -511 418 731 -686 226 882 811 91 819 -443 -150 787 -830 -723 -447 645 -996 -500 -658 136 -267 -551 -44 205 -737 -473 845 792 -957 528 -290 881 231 -615 -185 878 206 -847 50 790 24 160 662 293 -875 -836 -120 -971 144 -915 947 190 884 -683 -868 -987 -244 886 575
-777 155 55 301 -959 -715 -591 -765 654 198 -350 -851 -759 -489 816 -256 -781 -115 285 -200 -559 -592 -756 -364 -118 892 747 -310 -698 -976 973 -311 -576 -377 -41 38 109 -267 237 940 -970 -133 -389 998 52 -602 -406 -294 153 146 34 321 400 -342 728 603 -289 238 -87 229 314 -270 626 24 968 606 -33 191 380 348 -677 190 919 -432 -956 -12 113 939 682 428 -947 -987 183 989 -217 -316 712 188 -689 -74 -780 -1 16 163 881 -763 736 745 35 -875
-167 809 667 976 307 699 -896 988 558 638 925 -507 197 903 22 370 195 -325 179 322 -722 798 -157 -570 -280 658 849 546 -787 192 -730 -823 -741 131 278 536 -22 824 577 -712 -90 -782 -346 16 992 -513 -632 -878 -839 107 -155 568 375 -106 290 171 419 77 -603 -326 -883 368 -577 -811 -450 232 -417 372 -12 -980 -854 565 -532 -355 411 -490 608 -636 -51 528 -524 964 632 -95 718 303 -663 801 263 314 -757 -928 172 940 -364 -72 209 -677 -753 -934
593 -417 -904 829 -189 575 -60 592 -532 135 -46 909 -544 -671 -530 327 -281 -296 -17 -858 -533 -97 142 -831 687 -361 -180 536 207 618 -475 -427 859 -948 -248 371 659 339 -13 -286 222 -708 -505 -670 -96 98 -444 -510 -453 756 -446 695 261 796 309 -243 -588 458 725 378 -954 705 -754 148 619 -764 919 -227 -37 806 -394 780 -488 -183 -964 -385 418 959 651 42 -776 52 436 105 772 -641 131 -850 -429 -224 2 842 658 838 -379 174 778 751 -846 -241
808 -839 249 -731 196 624 -570 27 927 -432 -246 722 889 -447 -531 458 -823 283 2 895 743 944 134 237 -781 -750 775 378 -822 -815 222 560 -231 -601 322 -557 987 -145 -622 69 269 962 -844 472 757 -251 -427 317 107 -325 -18 -586 -285 -393 -94 498 -238 -729 -471 -93 -473 -512 524 -615 95 -430 -470 919 34 497 224 -878 -965 -632 -879 778 240 80 272 484 -412 683 -547 716 952 190 536 -257 -676 504 -936 -101 296 550 557 -734 -465 -386 -258 -581
145 732 -128 -378 397 -365 -551 -718 712 478 -275 -889 -698 33 -334 -727 334 -594 780 572 -645 496 -482 626 -652 588 -58 212 906 816 -563 857 -348 459 -51 -898 885 3 -573 69 -45 -188 622 -964 869 -213 287 197 766 -41 905 -774 -191 470 -173 82 -548 -993 -1000 -562 899 918 74 251 363 -199 859 -212 202 -291 281 862 870 562 -372 -838 728 624 -239 645 917 927 -53 548 -175 78 -304 -454 -887 708 -545 133 321 611 -930 850 -674 838 589 177
-785 -207 643 30 -571 79 648 -307 -76 -135 -299 572 166 278 -520 799 386 -804 -144 -854 826 574 -953 554 873 -398 -720 -833 805 114 -140 -763 -123 -226 628 223 762 477 -925 564 63 375 -301 -415 894 -476 -322 702 168 844 981 489 -672 -246 434 -540 -194 545 -170 335 507 -111 538 -737 775 -222 -158 928 -425 -55 149 -229 -574 -464 -472 373 945 -929 241 -253 827 616 784 -793 82 -808 -530 919 -381 810 926 -64 157 -602 -126 522 821 204 -204 81
222 -809 -864 853 -305 20 135 633 -322 -293 649 992 639 756 -342 -683 159 -9 -573 -743 -368 932 -184 -679 -364 -528 61 -105 -792 -291 -137 953 -594 -807 -153 124 -254 -551 364 575 363 -686 620 -213 -600 11 -663 -657 280 456 -218 -823 328 229 918 -914 367 211 -108 -584 144 -267 -158 19 292 212 182 716 58 830 -295 -757 614 715 -713 977 710 -413 482 55 -817 914 -696 -133 239 -989 -284 -130 -648 -140 701 81 -878 770 -505 415 937 193 541 640
-775 553 -651 -464 -903 -504 -784 -847 129 -758 289 -58 394 752 273 376 333 605 47 -551 -271 673 -858 -53 455 -698 546 -358 315 370 -948 -442 153 -326 385 529 828 39 789 -38 680 -365 -114 534 944 -982 701 584 -620 877 -600 472 392 425 -294 -883 -55 -450 -906 567 756 51 766 -986 -518 -416 -891 -449 841 191 844 -30 -106 260 211 -690 432 -34 -440 898 -838 -16 80 -79 28 497 90 314 903 61 -754 -590 -703 52 174 -660 996 -609 -212 -676
774 -56 521 70 -698 -759 -960 379 -936 -148 358 -431 393 716 -468 873 878 -448 687 -174 904 927 -754 472 -547 135 -982 151 536 -635 301 896 63 -440 -631 305 -247 -270 407 376 -128 -159 -685 661 -129 -673 -827 694 293 -59 501 277 -181 113 981 -224 -913 600 -552 -618 -451 -921 -491 614 720 686 -672 766 -538 -178 -583 -959 197 -302 -742 92 -365 -899 -30 -826 -318 246 -343 159 392 -249 224 -133 666 940 -990 -321 -802 -513 -20 973 -147 -591 459 186
-56 609 -156 -785 670 286 927 629 572 -55 882 -741 878 602 946 -724 964 272 -622 742 213 -109 775 836 888 121 -440 -709 624 -128 17 630 -254 -292 173 -10 410 795 -516 -573 66 743 -766 750 883 -134 -852 722 520 214 442 -139 797 -955 -473 231 90 283 -467 -138 407 -252 34 649 813 -651 -78 -70 939 -508 -603 99 -489 632 326 915 -294 648 23 224 627 613 398 -665 733 64 705 414 411 92 57 -83 -484 640 -502 951 584 162 -644 957
998 -13 -515 218 -244 -751 -231 -118 97 -108 -246 -213 -351 -677 362 550 -408 754 -279 -870 413 343 659 -55 -287 621 -356 308 -554 -632 572 -774 -384 -985 -119 -145 -39 -609 277 735 922 184 -992 102 -640 -398 120 341 372 -606 99 941 19 195 -365 161 -737 -999 407 -393 554 -318 -98 -323 815 -3 -265 616 369 376 -779 139 -621 -759 652 -266 242 452 -832 598 -132 -878 -67 364 -831 -349 -186 856 92 854 -491 -272 50 742 -924 370 -966 692 -5 720
-400 858 -232 362 -436 -998 -59 627 -178 671 339 -363 -74 -566 22 -447 990 134 823 184 -528 -564 84 900 832 294 -811 166 -751 423 -188 -679 -383 926 2 310 199 -801 -600 931 -847 514 962 597 -141 899 -595 512 -513 755 910 843 -583 928 -810 -728 -285 -980 955 -397 396 -634 -708 -381 -803 -782 -203 -553 78 -442 497 -736 -27 -665 30 606 405 -331 -952 -878 -832 323 778 833 300 392 247 -526 -879 -518 759 -1 -872 58 -946 215 -201 494 -192 -904
-847 -231 -147 29 -558 -719 253 -88 180 881 30 428 -832 34 -327 -369 -658 355 -780 239 75 -133 749 -694 -824 956 -31 -115 -669 778 -483 899 400 -290 -830 671 -502 -206 -184 -904 677 -661 -286 631 -759 -428 -230 963 -895 507 -258 852 -414 477 153 616 977 -439 276 -448 -594 215 140 554 390 -535 367 -710 260 800 571 913 803 156 -80 -242 556 -192 -46 -745 -900 -534 868 -785 995 -95 -621 -422 773 -805 56 845 -937 -652 944 780 -770 -812 -726 474
876 -154 625 -173 -638 83 -287 -521 613 799 -160 -166 -212 38 -559 -906 -299 -867 -238 775 537 -291 801 -737 -97 -955 -295 -631 -825 -181 853 -584 -468 813 477 -450 -431 -870 994 -843 -262 793 602 213 -603 802 887 -306 -954 120 -935 -738 565 988 173 969 -126 961 -57 816 127 73 -503 -531 -609 473 655 -359 624 763 -372 -201 -690 -203 -844 6 -709 513 314 312 -565 -469 184 -8 -534 215 420 -886 403 738 47 243 807 -437 -884 -644 -848 -1000 -440 782
122 -128 -791 608 686 -56 -373 -233 342 681 -958 729 411 -678 -645 -616 299 306 -157 544 177 546 -45 521 174 830 -17 -494 -267 -182 994 409 -661 531 -139 -340 -686 -642 -105 -888 286 525 583 -470 229 519 533 -612 -116 874 -647 -590 -971 -327 -22 933 824 -910 -601 730 883 189 13 -841 974 -951 -808 156 -356 -91 131 -472 370 698 -78 -911 427 -239 -500 -205 -583 -183 -765 -818 -29 -501 167 -223 -802 -276 474 -868 -537 -107 -391 -2 -696 889 253 30
247 -786 719 647 920 397 -274 248 316 -323 797 886 -107 879 577 32 173 814 9 -756 352 -234 17 -750 -695 262 -936 820 -45 -746 -997 118 489 -985 276 528 -938 -206 -374 217 808 -606 -461 -361 845 712 -194 -655 -572 -984 625 -748 239 -844 100 -787 759 -585 -687 599 400 442 150 -690 -117 54 -67 -796 -418 -377 -86 -726 -839 -87 342 -804 -968 -120 40 -456 524 916 657 979 -435 -947 42 -864 -531 365 -404 -788 848 309 519 -162 -503 731 184 710
-60 -246 -4 -755 -955 -329 -894 36 -79 -372 656 818 67 -75 -823 942 -591 -737 103 654 -876 566 -408 -255 483 49 827 836 -137 -665 -20 253 -391 -634 366 884 -762 -504 -311 -971 745 210 -497 528 856 78 -788 605 -758 325 907 -939 787 54 -558 -703 970 -872 123 97 -834 463 450 665 -801 -514 -231 229 -594 -747 652 967 258 381 -649 -446 -792 -370 408 -895 641 -772 207 -304 409 -599 706 -358 -505 -213 -340 65 335 -483 721 675 613 172 -620 -494
-875 -658 -993 -642 615 -552 854 640 -117 -972 -4 937 -416 259 110 343 -404 452 -347 183 146 -957 -106 -840 78 -253 -680 -661 280 337 -73 480 -525 -620 709 945 -242 -521 -113 -541 -224 -836 -139 -82 -53 374 -265 815 148 -545 -110 242 -112 949 -7 289 401 -241 -804 -758 -666 -87 -349 -42 -78 899 -206 170 -590 674 915 -429 -68 212 643 96 -274 881 77 602 502 972 -785 -11 814 474 -929 324 -610 531 322 -949 -704 -70 785 89 -673 10 -486 -126
-457 -83 -482 46 -855 958 -477 273 -311 938 323 -613 -527 887 -863 793 -988 704 321 -446 529 137 -633 828 30 -80 7 -973 -693 -96 -237 -472 713 36 215 369 474 211 -165 -599 911 526 618 668 -900 -925 348 -580 -795 -329 -260 104 31 496 -471 -36 968 238 -760 848 367 -170 -532 878 62 466 131 497 -373 -699 207 -117 826 602 376 -723 -808 -131 802 -110 -453 -761 -983 402 362 -41 324 -710 819 -337 -857 9 4 -678 -992 327 582 -213 349 -481
-448 788 419 658 -124 448 252 -154 765 321 -782 -353 409 804 -610 79 -613 164 -984 580 62 366 925 -382 375 -39 -583 246 -148 359 801 -737 432 877 -379 315 774 -431 20 -521 -575 995 127 -545 -103 93 590 881 608 481 -877 -927 323 -8 433 888 -937 -948 904 -182 171 -634 -886 -443 882 -215 643 48 900 -140 -624 -698 -166 -919 229 -191 367 -481 287 905 -808 -282 -917 763 -906 412 -391 -467 -409 981 803 -768 677 -921 214 609 245 -826 -635 37
445 -875 786 -827 173 772 -25 572 -637 -438 215 -796 -679 -737 614 560 -527 -661 308 577 -766 -735 48 574 -306 369 702 936 446 -677 -104 793 -906 -689 -831 495 -119 463 -423 192 150 813 198 -312 -562 960 843 -580 969 -105 848 799 498 362 958 563 -599 672 -81 397 352 -985 -49 -191 -21 -224 -667 109 911 -246 653 -481 19 -996 684 -303 -96 -378 -821 -314 -164 934 -572 120 -666 549 763 635 715 -942 742 -195 287 -267 -949 806 -656 286 -100 -546
222 194 951 8 -514 910 535 -575 -836 431 966 -155 -478 972 275 -542 -347 -323 -721 -559 -715 759 464 637 -312 -978 -953 865 -958 -789 -247 -146 -360 -455 -788 73 -128 295 701 445 118 527 -403 160 416 -255 86 59 243 -138 184 -227 -232 -510 -745 539 834 -661 616 -67 538 -887 -79 851 -167 348 -705 137 -544 485 221 -301 254 627 -630 -188 -100 -942 779 493 651 848 754 -886 -108 622 -602 708 507 547 39 -45 237 895 -598 -185 886 -805 590 182
-107 11 -350 758 870 -173 791 -707 -476 732 239 241 -324 689 243 186 453 761 -657 13 623 427 896 -45 -606 748 -664 684 985 18 481 -442 -115 478 -314 517 -52 103 -965 964 -95 685 -732 -68 589 -571 541 719 155 -736 80 146 -612 -338 305 -594 335 566 820 -26 -753 -640 -823 -973 -215 845 -729 -678 2 829 -17 -275 -190 -894 -945 75 638 407 -250 339 734 750 15 -650 -575 -584 752 890 629 -311 831 508 -256 -129 -554 -363 906 701 -390 -528
368 -777 -850 -433 -820 -366 -628 -176 -781 8 -554 848 -729 -313 275 -91 -299 -28 -457 188 -778 -971 878 739 35 -608 -475 -352 342 689 -50 767 684 293 670 -381 574 763 487 -180 625 967 198 274 798 -724 7 481 780 -831 331 -286 945 647 -451 906 -798 -842 29 -660 362 -38 937 337 -640 244 -550 959 -936 -783 919 -136 -786 900 -701 737 -933 -223 -902 376 189 -478 209 -518 -79 754 582 -541 -920 932 818 651 233 -552 -463 -963 956 897 -438 -898
915 -979 -421 483 727 818 757 309 -725 -10 -344 141 537 -263 -706 -234 -422 353 -192 268 -519 188 691 -244 740 -613 -987 -600 -73 -895 266 -550 102 692 -126 -911 -269 -65 373 -787 -571 -14 363 -681 -903 487 -186 669 62 778 -717 -432 -116 -802 -616 121 -743 -340 -937 -74 70 488 591 -439 191 295 -918 899 172 -779 734 -792 -620 -632 11 872 392 -721 -77 365 -728 -543 590 -696 -304 836 -463 120 560 -103 497 -614 896 -431 78 -586 -423 720 115 -265
-37 -965 22 794 -29 859 801 440 -472 727 225 -429 668 -794 875 547 -686 468 -36 109 -431 757 -306 336 -137 -956 319 495 850 -62 849 -409 165 -407 543 767 821 -92 492 -318 899 -338 -124 -873 695 716 -270 797 -45 652 -886 -478 944 -616 -418 -636 -17 959 461 -452 -669 162 -535 -716 375 418 752 -325 650 993 352 732 -76 958 81 919 99 -983 -990 2 117 -671 -918 378 -801 731 597 283 91 920 324 913 -766 572 999 -4 369 -922 -988 555
307 -343 -301 966 -17 -2 -580 -717 284 278 -368 -820 62 382 349 283 -900 -100 -40 23 -475 602 -747 867 371 -51 568 -721 622 818 643 -312 203 -731 -175 -90 668 -52 -403 -89 -992 533 40 537 -544 -147 -333 259 297 691 -979 211 -595 -67 386 496 260 114 -289 99 -460 -523 539 -833 396 204 -454 108 -728 -62 -398 -949 -364 -214 684 -469 -620 -922 -936 94 -653 937 -451 29 352 549 -321 -888 -9 550 992 920 939 -584 909 419 267 -374 -14 -912
144 845 84 -91 781 -260 -677 964 -358 839 0 -663 211 702 118 426 -509 123 -177 274 -384 -526 903 -186 -924 -226 -290 -535 220 -425 -123 505 -170 -443 -624 264 -938 471 -806 57 830 -180 201 -540 611 730 487 473 -957 -415 27 531 -338 360 453 -144 -961 -14 189 674 548 -644 -562 763 820 -776 -988 985 -304 -607 619 -479 -781 -255 -40 2 516 371 -430 -1000 227 932 -659 794 -907 206 -809 -100 -98 344 -933 477 853 534 15 -506 681 -861 -132 394
286 177 -661 -631 -143 -313 -775 -800 -790 -599 614 96 935 636 -538 710 -257 957 105 -410 672 441 -769 628 997 46 -704 725 -892 174 98 -47 -39 467 816 -673 817 -52 242 -542 -425 271 -613 894 -500 -863 -736 749 911 241 668 701 -467 834 917 513 -307 -252 532 -873 671 -441 -22 942 492 -919 929 -373 -400 -386 882 -571 -504 50 645 298 656 -260 -221 740 -202 -9 30 922 328 623 363 524 642 -777 669 762 349 -479 -682 -472 339 416 -374 927
298 708 682 -766 493 -42 377 -230 -752 -876 -637 769 902 308 99 541 596 376 -314 193 -546 385 110 976 -985 624 -175 -151 262 67 -926 236 -109 -931 -295 212 37 -50 194 373 267 962 725 -797 87 662 -802 138 -721 -768 -852 548 -1 283 17 -97 14 578 918 -937 587 -517 791 -778 -680 675 -449 441 186 300 685 433 -593 88 781 -469 -840 -60 -236 -997 -247 -651 -947 -978 572 711 925 544 53 -147 749 -688 -467 -466 -868 -635 -246 -864 229 863
-959 -62 -926 -15 469 -513 550 -208 765 534 6 -225 0 351 285 804 865 132 -82 -239 649 -108 2 137 535 -984 -228 -177 -580 36 18 47 834 -535 479 -512 931 -760 756 -57 818 238 82 -8 -858 404 913 -680 -980 -528 908 743 319 -410 508 500 -991 952 116 -45 -914 -280 -540 597 -605 446 -801 759 693 -428 -641 993 667 -524 -762 878 587 -536 -920 -402 21 813 -767 145 924 -799 -226 -245 -998 796 -794 187 10 -781 806 63 491 539 736 372
-424 -718 254 842 450 -70 147 -427 131 -604 466 -539 25 -944 742 483 -341 279 -97 -979 -829 -158 -20 -315 232 653 -231 737 942 423 -429 -759 667 -406 964 -433 560 126 566 -511 727 -873 157 937 -751 646 893 58 365 746 -192 471 11 -494 72 -434 -196 226 -683 -224 99 -502 -966 -31 949 488 -617 -648 470 -82 710 -543 -22 -533 501 -851 412 681 581 -640 -4 401 -859 -225 417 -788 190 696 599 779 -965 295 493 825 -304 385 678 -498 -600 399
-910 -526 -774 807 635 740 365 -577 -870 869 682 -684 -532 156 -169 -93 752 217 881 -378 -6 -363 -893 247 -69 -701 -980 328 -79 90 -230 -280 -448 674 151 -270 96 -518 -261 843 821 519 -18 426 -562 813 613 676 -762 -369 -918 -273 128 -158 -779 916 341 -700 689 -534 -687 547 -640 831 785 286 523 -451 -104 -856 253 -825 -811 460 -239 559 -628 502 -638 511 -45 397 -449 224 -360 159 580 656 -92 -142 482 -609 637 -413 -416 493 -26 437 -550 -873
-32 -410 -443 -30 -303 -873 471 674 448 -368 -859 931 -789 381 977 -599 580 642 628 305 257 -626 -153 -221 -253 366 -105 313 -879 -226 -283 -933 -559 239 -4 726 -140 355 -790 -926 549 -512 -749 579 957 -941 -839 383 -446 -37 -78 857 183 106 894 96 -524 -115 -379 365 -798 -322 -245 548 -5 316 -306 420 966 91 233 -47 -685 -908 -675 638 262 -382 -10 796 75 246 -49 411 290 488 -123 206 255 950 48 -652 321 34 385 -943 -772 832 -109 -955
359 -794 -388 -13 -526 -495 -265 -593 -801 -617 -398 383 516 268 -857 122 -982 418 463 -793 -603 218 630 -248 -489 -414 -30 -192 462 257 46 557 -168 -164 222 -589 800 542 850 75 -623 948 -171 517 665 492 -490 -515 -394 -8 -531 466 902 67 -602 84 -947 -299 132 701 223 23 -876 -976 -260 -549 863 765 937 888 680 666 -676 234 -726 837 394 543 -330 925 -434 987 -486 217 -104 -409 -443 -271 550 -667 364 -376 480 286 -179 -984 -594 -701 149 670
102 -847 806 908 -642 533 -712 -386 -165 423 12 776 -434 349 629 -59 -623 -326 596 -50 -790 588 -822 659 -541 181 538 -716 761 -941 663 -848 15 257 299 781 724 -560 -132 -778 -714 812 398 367 -809 388 29 246 191 875 38 106 -311 606 -10 -138 176 421 -348 -706 731 35 -665 735 269 927 -837 -836 419 -867 -997 846 -631 -45 401 -399 -514 58 -318 -894 524 984 -783 548 337 509 -140 282 733 207 -534 93 -375 807 -657 -517 -816 -398 443 -878
951 -886 -28 -975 656 -645 -560 -631 -603 896 687 199 440 -831 -958 -486 767 42 915 -200 391 56 -354 -308 -605 449 944 633 485 344 -275 434 938 930 -687 270 -117 -708 583 -182 -996 468 859 -784 12 308 -462 864 -189 -326 479 147 647 174 -714 -780 -947 175 569 818 588 -194 -978 -113 133 729 838 -501 -790 -341 -400 89 -271 274 749 365 784 -842 -102 700 550 -729 235 111 698 151 189 840 -373 990 673 525 -774 -909 876 -425 -815 -558 781 548
843 -173 120 385 670 -939 -162 884 600 856 937 -820 425 4 633 484 -461 -866 -234 554 -695 290 -810 -755 986 876 717 -742 155 -39 956 -528 -313 963 -836 272 -990 -911 -493 -594 437 -410 -312 -517 -89 621 222 132 258 602 558 -176 -860 -87 -174 -93 -914 -542 -796 -895 624 811 -707 844 176 739 -759 -691 301 993 744 685 -433 -937 -121 479 847 293 -918 -404 641 -795 450 -821 22 455 573 -736 -292 776 183 888 -483 496 -763 -156 913 -664 -373 649
-31 396 491 -904 536 -653 -542 571 833 691 -695 516 -431 -54 361 -323 860 584 512 371 -518 -394 -929 -257 954 156 678 991 820 782 -383 718 -684 -576 374 -702 -921 -1000 -864 -332 -714 -282 -629 741 -736 759 -435 -499 -441 -866 -840 586 -418 230 178 580 -77 -709 889 112 -549 133 455 831 -856 345 -468 -627 -656 502 -781 941 198 812 120 654 -44 307 -959 -205 -674 896 711 918 -833 754 386 -41 -679 26 -102 -584 34 -337 809 515 760 -521 -917 -997
-888 789 -920 905 -318 -928 -660 -819 -136 184 -159 -181 601 527 -911 586 58 386 -360 -697 807 629 -416 -878 670 -896 984 -626 258 -116 -231 -889 974 -248 -78 -309 -948 736 -868 -934 -788 -84 -768 -605 -895 -770 192 -827 343 580 -210 873 -891 -48 -425 -772 531 933 -155 -350 267 231 922 936 551 -461 -180 -893 481 -310 816 -133 -997 -796 814 -749 -337 426 194 -396 555 365 163 -944 -356 112 -336 -711 -29 909 217 681 3 -522 251 -34 911 -388 567 -869
-803 -272 778 -531 980 -922 -965 894 -347 767 -796 -169 673 -552 -496 945 381 -792 -75 485 -218 810 -83 -705 -158 719 766 50 531 700 -728 -555 174 905 -978 -736 -102 -518 682 428 -173 -547 569 818 273 903 -484 -34 788 -834 854 827 950 -820 -186 842 612 -174 -561 54 -854 -127 87 885 480 241 462 -812 618 363 -23 -481 -369 -51 356 -823 -480 890 -236 615 554 -689 853 179 -278 -915 -388 270 -224 739 624 -833 -785 -379 -129 -537 -168 420 -748 -546
-74 -796 761 4 225 410 -336 115 17 -93 982 -213 625 -736 779 179 -556 481 -571 -480 511 337 -147 204 -856 396 -151 -474 312 -749 441 26 -774 510 -669 -708 -703 -960 222 -372 -1 -357 -331 413 -25 -60 -340 -770 -608 776 636 658 938 358 -12 -334 -844 648 -529 280 72 -881 -868 -946 310 133 86 -572 -600 354 -243 936 -939 937 -802 885 -131 -240 607 996 -63 -848 691 655 -573 -752 22 -993 922 301 149 965 -24 226 -263 -800 772 870 -95 -245
70 354 -668 858 -983 -622 -357 -906 -495 -685 445 43 -570 -517 -741 435 532 624 -598 548 -889 693 679 247 -402 -204 -892 172 -435 814 239 -69 -329 -608 227 732 242 107 -151 -754 -763 630 -920 912 427 -403 -742 -662 592 116 271 645 428 441 674 -697 -986 931 935 -275 68 122 -585 989 721 -413 -90 590 392 -945 -471 265 -455 -531 -333 -273 457 30 248 -461 66 -283 385 376 56 -509 -857 -46 371 750 -603 -363 412 -319 289 -474 -74 926 11 -133
-183 -747 -939 -830 30 -458 -438 303 -285 322 -677 -885 339 143 -319 -430 122 -114 -296 -483 285 -18 244 927 397 -497 -825 -808 -637 -327 -772 -228 117 -586 -755 612 990 -910 120 -784 614 -619 -139 -928 -213 -665 -832 454 -803 953 306 -829 596 -40 -453 -350 279 241 414 -256 495 168 -918 565 -331 -701 185 706 760 -602 562 570 425 721 -462 210 970 -511 587 -630 845 -882 -991 -155 590 -161 875 916 -298 36 639 -670 -321 -454 -506 134 -220 76 -835 26
388 397 193 672 -640 -436 997 -141 -804 -686 276 -567 -855 -978 -973 -244 583 -478 937 778 -762 -940 -624 595 -126 -621 427 -402 -389 -532 12 -721 -223 654 947 -233 812 859 432 -698 855 -594 -981 933 747 247 -438 367 364 241 474 -167 -103 99 -4 468 57 42 -361 -677 910 269 -540 -671 -336 -136 -619 -71 622 543 184 70 137 533 -571 514 155 858 805 281 557 -382 -500 -169 145 454 297 970 -194 46 572 -26 -440 -83 619 -367 -783 -116 414 -397
754 -509 50 117 -603 -612 525 -450 172 -143 -497 -742 123 433 -284 359 770 -893 -767 -627 -164 -794 109 -761 -339 951 -160 294 599 -776 -432 553 347 -399 416 -394 -308 902 -927 -589 -26 -871 141 -541 -911 642 773 512 567 545 -206 318 -122 261 -181 -331 -175 -430 455 -888 -33 20 -411 382 907 -387 -392 -128 888 536 -406 648 524 848 2 291 12 -238 -749 901 -645 73 470 -519 -98 -685 849 -115 563 251 99 177 -680 700 -370 501 -88 176 661 876
261 459 -429 577 -382 540 895 970 699 -420 628 -816 928 593 -470 712 60 -643 933 165 286 -419 -665 -499 390 114 793 119 904 544 83 -11 398 280 -798 -607 -146 909 -246 -835 -973 34 -697 -394 -475 295 -794 -880 -838 -533 -398 989 66 221 -582 650 378 558 -849 437 -280 -345 -425 -644 -494 -552 108 344 -887 359 -164 363 -378 -399 -302 -500 -569 -535 288 150 775 902 313 -924 -628 594 834 -505 764 -35 -142 256 -812 -349 855 331 575 -327 856 305
-626 922 553 -480 689 774 59 16 -190 177 648 185 -734 -434 771 -54 658 854 -157 652 -961 -680 814 -357 282 199 -24 795 959 947 -551 -522 950 -13 430 -279 -855 -800 -372 154 -61 110 506 -892 -888 -585 -164 807 255 731 105 611 -994 -804 412 -209 -517 673 -368 998 -807 979 121 481 303 -255 10 -175 -267 706 220 677 596 494 -668 987 818 -882 -890 859 -968 971 793 939 914 440 95 508 -319 353 -741 -919 735 -573 77 -248 -409 873 -651 772
762 627 -463 -374 -359 939 523 465 -351 965 12 -269 390 -874 61 828 237 598 817 -719 759 -502 572 20 888 899 208 -974 -164 -927 105 -866 -242 912 310 201 890 -520 -635 -102 -556 -199 917 -720 -934 -983 181 263 400 90 205 576 167 -581 -445 -904 22 -892 590 -818 127 55 -281 -51 -746 -268 -202 445 -91 397 -364 -748 781 706 -420 -695 616 760 705 66 -159 -961 449 752 989 666 346 262 -184 -659 -914 -711 -33 -441 -183 -127 -811 468 481 792
20 -870 621 -658 499 -382 7 498 211 177 -911 -218 -674 -385 721 242 -429 -37 -24 -760 46 855 300 -751 405 305 755 -265 662 3 783 -221 -150 -362 -172 250 648 -880 -40 791 774 -616 65 896 -728 -869 671 19 252 -31 -452 -733 -586 763 328 32 512 -4 -976 -287 720 154 587 860 986 -219 435 -689 -815 -741 -552 -199 600 -2 758 886 562 -705 -342 -159 -859 907 -322 975 839 -863 35 -454 -477 105 -779 863 -13 -886 49 554 -898 607 729 -910
274 -937 245 582 -95 219 399 235 -986 -239 205 -392 34 358 375 908 92 -332 139 -374 -523 -726 12 978 -597 -168 275 -708 316 -728 -626 -225 624 141 -398 -437 825 -900 -411 -550 673 666 562 408 721 -198 154 -166 -971 -246 574 992 -299 -843 69 -573 963 100 -606 591 -743 652 -474 523 -289 -530 115 454 -292 895 380 594 -180 -575 -133 -551 -857 -773 -755 -391 -712 -897 388 -85 -3 -283 -722 -9 -512 -142 348 123 613 -310 152 -149 -725 130 778 -486
560 688 214 -676 -515 29 620 267 427 -925 398 234 -959 319 -660 997 87 365 667 700 968 -958 785 203 339 751 -223 811 -602 -275 497 574 -940 -764 288 -702 597 303 94 147 256 283 471 492 0 854 247 -142 -343 -46 -813 -194 488 -788 499 -211 -330 -199 270 -101 -968 -794 -999 993 -699 -677 -590 -409 -134 -342 926 -860 290 -65 -337 535 -379 -982 -678 963 -48 411 -645 900 162 824 -318 865 -122 -93 459 845 298 -508 -558 208 -914 892 -153 -522
299 237 -67 756 -791 -892 -741 154 -320 -633 -283 768 -835 586 680 -301 -623 733 280 -648 -796 107 788 361 -222 -712 575 164 905 -106 296 -421 903 -208 593 530 706 167 -688 -406 526 738 435 -266 193 -3 597 993 492 736 941 -647 -554 -576 -781 -575 385 947 -865 -551 -262 632 286 -984 391 -758 441 -146 105 199 442 -80 384 -133 -933 149 261 -170 -833 953 184 -83 967 557 -360 -711 323 -924 -108 -943 98 111 -915 793 -782 -906 -446 540 99 -87
156 695 -399 -803 -770 -703 -223 -447 864 -365 84 344 73 238 808 791 280 166 209 -532 -539 -717 -687 141 -889 -711 -475 263 199 628 821 -36 -250 -343 -515 -953 670 -170 541 18 989 -76 894 451 -362 542 934 227 -767 11 -152 355 207 420 847 -363 314 729 995 -63 494 216 -338 267 -67 -51 579 969 -115 -698 781 -779 774 -822 -676 882 718 -228 807 -868 -332 144 -782 -483 -566 -203 759 -550 -468 -792 -815 200 -662 -538 454 990 530 571 -414 -563
-708 -548 855 335 -983 -5 998 -891 191 35 -720 691 -809 -503 165 428 -632 -564 649 820 -624 -631 -870 82 -313 671 -476 413 383 288 -471 861 -392 -474 -359 -311 -578 241 -695 939 826 884 175 -464 838 -169 22 916 785 488 -323 898 179 -157 -354 -466 908 -864 524 -461 227 138 -926 479 -826 -439 909 395 350 749 485 -452 -321 -454 252 721 -835 -498 343 -40 -453 482 640 -833 -714 -159 -395 711 194 235 -746 -702 463 373 85 266 -404 -795 -868 696
-707 187 283 40 -332 317 -61 -643 949 932 337 -559 90 406 431 347 839 -597 458 134 358 87 43 -722 267 -701 -762 -694 -294 -417 690 -533 480 -452 753 -869 512 244 -95 515 -457 549 -924 -836 414 538 -92 526 -25 810 -832 421 -800 -971 -400 -727 -463 393 494 -774 -198 814 -380 341 -124 253 -583 473 -496 -786 651 284 -467 132 -849 606 -875 -592 -172 -208 368 779 151 175 613 28 -600 -402 102 -196 137 -955 -18 -767 23 -917 -510 -648 485 883
-405 -940 -161 659 -695 426 741 -980 -274 17 57 955 -844 -709 -552 -771 648 549 -553 975 182 660 258 -448 127 936 656 -360 226 815 12 -286 -314 302 -639 -539 -866 105 153 437 314 730 -549 924 322 177 -498 481 -535 -942 -410 -217 427 912 -835 -313 -378 67 -341 -666 -120 -388 -3 -872 -848 -964 677 -56 -850 -578 -969 -548 -925 -719 -629 -69 93 -598 -475 -512 -882 -110 966 -34 857 385 -146 7 687 767 -11 285 -41 -202 -432 -963 758 -163 275 -116
-198 662 -940 -968 990 -997 549 -438 290 750 -4 473 371 -46 860 865 -515 807 -704 169 -526 -219 892 162 122 214 -382 185 808 -182 -842 95 481 -476 -696 -358 130 -131 486 147 -201 380 676 34 789 -127 867 764 63 550 295 554 823 241 -27 822 -641 -26 328 -980 89 974 55 -268 -538 -207 464 -565 66 872 650 658 -747 -928 930 -394 663 -983 93 917 -855 -850 -545 671 -450 593 -757 249 958 709 -166 907 217 -456 707 -404 -802 -948 -551 993
248 -819 820 161 -899 -137 -732 364 -372 676 209 166 182 96 11 -583 423 177 779 424 582 -623 756 567 -533 -219 -409 133 -185 853 -76 -595 264 216 467 195 404 131 -920 825 982 -636 26 854 -954 116 369 327 -605 -789 -158 119 129 -177 -939 689 65 -721 -406 847 788 -676 950 765 977 -474 -71 919 507 -608 724 220 -539 -792 52 714 211 -766 -74 -142 -770 -157 -19 945 -163 662 -299 -173 584 -840 112 -610 134 -547 -32 -332 203 210 889 395
-709 -428 874 864 -797 814 411 28 870 -92 478 -48 -463 765 659 38 -944 -383 -705 68 74 -891 99 -706 -616 -903 -126 -584 844 612 229 -52 -762 910 137 26 -964 -246 -455 -421 -658 172 329 -73 -307 -976 -626 832 617 464 665 129 446 873 -324 442 -628 -820 235 -984 566 -363 808 -446 367 75 625 -159 845 -591 938 -887 -139 -739 -951 -652 -620 323 -885 718 319 -730 480 956 467 81 -96 304 -687 415 624 -483 -309 -276 988 -23 -482 -480 -90 933
-652 -685 239 -511 -951 577 739 -300 578 -937 -201 -390 445 773 -748 601 -294 -540 379 330 364 -318 941 -874 -990 -554 504 622 854 -741 490 -723 -854 -968 -362 -630 920 -665 -538 -255 -948 300 -282 448 280 515 231 -765 286 99 -938 461 715 423 323 110 937 91 -447 765 670 -495 -646 -596 214 197 981 -893 -592 -550 -296 -193 18 -210 -878 -753 51 -26 -122 -39 787 -84 162 -504 -616 -622 306 289 566 -688 -1000 185 703 -118 -624 -266 68 620 978 -129
93 -175 134 674 195 -472 737 566 621 -559 141 503 860 -57 618 320 742 111 -134 962 174 708 -749 -212 -812 952 743 775 -467 -6 -443 -667 -965 812 -123 850 -481 -890 -61 -788 309 506 411 187 656 -484 25 589 -453 -229 -797 -654 -996 -977 713 862 827 -392 942 -729 -935 785 -998 -234 660 191 -161 218 -129 -191 -232 -403 693 -476 639 -428 -18 -938 -243 836 -577 -751 489 -502 706 -432 -653 -280 445 398 803 -406 -956 966 -958 -728 579 -714 -796 -912
776 -372 633 -265 837 -882 -499 -919 -123 -108 451 570 -865 937 -279 -76 762 -211 1 -283 -868 -579 -888 -985 874 485 853 -788 178 315 773 443 376 203 316 295 -699 -491 -245 827 -762 -553 -254 -957 -547 774 442 -657 -741 946 238 728 805 -777 -1000 -921 911 -728 859 365 -181 -581 -154 16 555 -747 -361 -859 891 -986 298 -435 332 -795 -136 347 166 302 -482 817 183 -21 -854 -418 423 338 857 167 391 -739 349 462 -40 38 450 -338 -261 -508 231 -133
-835 -373 465 50 36 121 655 814 -53 956 -190 -950 -172 -381 298 -817 503 -634 -87 21 -43 963 -466 -438 449 422 543 725 737 -30 137 738 -779 496 987 -793 -166 -332 -64 -938 64 667 455 487 -263 -124 -135 371 -214 -28 -493 -629 664 260 -643 906 -645 100 -338 22 986 -590 646 -254 777 331 690 176 -644 283 212 230 -668 -72 -375 -635 -559 -975 -598 -769 -714 752 -749 698 -809 47 -942 -460 769 -343 -997 403 277 -370 -200 147 -367 -538 798 306
523 359 -756 -776 -45 -85 791 -974 298 274 -543 -67 34 -243 784 182 -199 136 -564 250 -618 16 -227 -660 412 -533 -953 -553 -503 -768 -278 511 -690 -463 503 2 760 833 269 -132 462 -588 -895 -526 -245 -724 266 251 637 -778 905 -145 -842 -702 913 129 -988 789 458 -956 -319 219 246 -959 334 -98 647 -20 -248 264 366 -809 339 -513 263 -200 -242 -202 915 595 376 -912 -211 690 -371 554 504 414 652 306 171 -254 -521 72 -472 662 135 997 -274 -30
1 971 23 -470 264 -761 168 239 408 -976 -50 161 -985 413 -474 -794 -510 -611 -65 394 642 -289 660 985 668 -143 -707 -105 -177 -440 -750 693 -627 -714 -764 46 -29 782 -357 -829 -347 240 812 -371 328 -123 22 -253 575 -131 671 13 711 113 -876 381 6 250 826 661 -978 556 -189 340 -579 203 -651 961 445 149 223 415 192 871 -610 -386 613 -182 -840 504 -758 -269 732 758 53 954 874 -281 881 73 791 106 -567 -294 389 -300 108 -947 -201 641
208 -620 903 62 932 196 -997 963 -684 871 -240 7 484 675 692 313 -357 -580 488 450 981 -523 -716 931 398 663 -640 -798 -87 -12 -545 264 -387 -23 385 -695 717 133 -80 278 234 -762 160 174 943 -585 643 985 738 -393 548 731 -359 -723 -126 -578 -817 902 -227 644 527 -566 -325 -269 -148 -270 -685 87 -177 740 88 -5 273 -783 -274 953 6 262 576 -511 418 -510 -407 486 -890 -748 556 550 323 -271 159 -672 37 -689 390 -250 -427 203 483 829
-94 391 623 114 -591 -831 563 824 786 -144 -668 125 642 -874 635 194 140 -600 123 -375 -683 -819 498 -970 899 594 -230 928 -345 605 -945 -434 285 392 -626 567 794 -77 402 717 359 -430 963 -677 -705 -20 952 -464 -778 687 -132 570 358 -907 -920 -260 -828 -271 -867 -633 -341 432 775 -985 830 -806 -26 -218 -562 -857 -808 -829 -190 -915 569 735 -935 -888 -368 663 -356 -287 835 772 23 120 146 227 995 -777 145 -532 386 187 157 902 265 959 136 -704
-378 -810 988 777 -360 283 555 610 -638 672 -232 381 362 872 349 -217 261 -7 469 19 821 -363 -358 -653 -194 456 449 804 526 -585 -879 -854 -512 706 -22 -238 -703 301 95 420 -298 -343 -336 952 685 -63 -476 -620 -935 85 863 -627 -279 767 -18 164 -646 -582 -807 438 -439 -820 471 760 -492 548 -454 -440 -908 -696 -893 56 237 939 392 -578 399 914 765 -523 -565 -243 -815 -154 545 -773 -813 -536 -719 163 -545 -528 303 -185 170 -472 623 450 989 630
-996 -987 930 983 -972 10 313 -103 -225 -187 212 -23 22 -43 -179 207 681 -322 118 -540 -443 -194 418 -68 -66 584 56 -585 665 -792 -723 720 -552 780 96 -213 599 -337 -293 -758 -796 -939 275 -305 522 -748 -227 -129 -797 383 936 -822 960 987 -859 924 -724 69 -296 134 -589 -131 -396 606 -714 -896 429 -107 -61 351 -587 611 -20 -267 -147 -188 425 -872 700 -414 967 -273 -35 321 41 236 -340 -28 300 -604 496 -623 -764 710 150 -956 736 355 381 -781
-376 -910 -225 -131 166 339 -486 523 -132 -999 290 -650 721 -973 -740 883 -151 537 867 -112 756 466 -773 -8 601 874 -654 305 -251 960 189 -662 324 985 -61 257 -684 -420 -499 262 153 774 -20 58 711 597 899 -648 245 677 770 -143 -558 -23 -818 -566 -233 -901 -500 438 -934 213 -104 -236 -5 108 -168 263 959 923 848 423 687 707 -669 420 -340 -58 -699 -816 506 -846 -71 249 -317 416 -176 -900 459 926 375 730 426 412 762 683 -895 -299 -101 -231
-761 -307 -111 -206 832 0 306 -578 -303 -388 -76 344 382 815 -592 124 -519 -679 923 986 855 299 -411 762 -967 -991 144 136 -479 462 828 -656 406 -178 -738 -46 -259 752 -727 -339 -650 -251 -146 -951 277 -758 618 -924 -646 375 -962 246 -12 282 -730 123 101 809 503 636 -919 839 47 218 -424 378 119 600 212 96 -47 -453 -400 222 733 216 -192 -764 -338 -645 -669 -687 -50 -886 463 -35 554 -865 708 -813 154 -780 672 764 788 911 -701 -100 244 806
942 209 936 711 -189 111 0 -444 589 42 524 870 -721 106 49 -419 402 -356 -729 -599 931 60 -290 -378 -47 31 -796 -821 662 -722 -309 121 -761 -669 59 -193 -556 -929 -540 755 88 798 611 880 -480 139 574 -705 360 -737 -757 61 -789 -386 545 -485 770 -582 114 581 514 751 -160 -288 349 -685 -823 -776 -211 689 -349 311 35 -910 -143 320 -915 -883 605 691 650 274 -917 461 465 826 790 850 -245 490 -816 -186 233 -687 -922 -931 597 885 -265 599
198 -955 -994 -149 -973 607 -392 789 -14 78 -243 -447 -463 584 299 -117 649 117 -326 970 393 871 508 896 957 -234 163 414 617 -192 250 612 961 -432 638 752 220 113 201 -56 -271 296 683 -191 -617 733 810 -944 -500 686 -778 911 473 -649 -819 -593 825 164 -487 -613 -618 11 -301 583 -189 743 -506 211 931 476 291 353 -404 600 322 -160 681 -871 -286 -352 528 -59 748 611 -379 429 875 -182 731 -152 -681 -476 -438 690 -246 603 -763 -67 566 231
384 -90 -24 972 365 470 743 -666 -984 -152 474 -174 -216 589 528 461 -423 605 -431 664 -22 -70 -106 -482 292 150 880 107 804 331 701 961 -382 526 -991 -920 -197 706 825 -223 -871 152 737 210 -961 843 792 -894 -932 -132 -629 440 -259 932 766 -23 -165 8 -875 -229 -79 380 -414 348 471 -810 -315 -178 -374 -839 -301 979 499 -623 -856 -344 56 756 -639 -154 2 303 -956 656 122 -918 148 263 -561 -558 -326 -293 59 19 -710 -557 -439 834 815 -641
-116 -707 -239 900 756 837 245 -558 10 -74 376 -383 432 844 201 229 -633 384 161 -684 164 799 -888 405 607 -977 -329 -371 -315 -390 -912 -260 -337 863 541 -162 727 -461 -929 -993 505 -15 553 -854 33 -32 396 455 308 -904 193 687 343 -659 -607 -518 -85 -624 393 344 861 24 -750 775 -654 249 176 113 292 -889 23 -40 -446 -833 -546 222 999 49 923 14 -25 -447 474 195 932 -59 656 167 55 165 776 47 495 155 -714 417 668 -365 238 -906
-414 -259 622 358 -218 -180 671 -75 -294 591 248 628 -989 296 255 728 -7 790 -827 -728 236 -142 246 -401 685 669 832 -56 666 -538 -185 683 804 577 -889 -44 -973 -233 -348 -738 505 -911 -706 -413 -548 -760 862 -615 -810 -409 -471 -581 517 -557 -970 -182 -670 -960 682 -101 552 205 -832 879 -412 -650 521 -777 -949 300 -611 603 51 -998 231 -659 304 -225 -503 962 -886 226 458 -20 -564 -484 -797 -697 -774 999 -652 667 558 731 269 -507 -841 -314 721 -176
-678 -36 522 -850 239 161 690 -692 -257 -993 828 -419 -349 725 -720 -434 559 -158 885 -394 230 -454 -150 -422 -494 -594 -644 -295 -857 472 870 94 644 -854 288 116 383 623 223 -45 -103 -631 188 117 486 835 -24 447 -348 -846 481 928 -172 -20 -256 747 -840 -917 401 85 -980 917 -418 398 715 -14 250 738 -664 -421 -91 -301 719 -48 -480 970 874 -966 -457 -120 387 -988 51 -605 854 905 145 -11 590 894 454 601 823 -131 -867 39 697 552 -567 -505
965 877 -293 -559 645 542 -152 4 52 -374 821 -942 -305 -793 -454 45 -907 65 716 -508 782 837 289 303 -512 -579 -488 -43 20 -979 -692 552 434 -621 357 -451 258 416 -233 783 137 -188 832 -915 534 230 -600 530 -283 235 -971 -78 2 494 595 -252 -478 280 917 -143 306 -558 -645 -791 225 356 309 -798 -196 -617 734 -85 -736 655 559 -635 922 -996 -976 103 885 -514 728 -526 850 -487 -282 66 -638 393 -746 520 754 -61 -792 835 210 299 449 -874
-71 -686 -893 706 554 -93 430 -754 265 643 107 83 -464 -697 -581 -103 -272 784 957 902 304 -529 -256 -654 98 -32 -670 140 133 652 -440 -883 487 -634 -149 -688 366 333 476 -605 -552 66 -436 -328 529 461 -781 -384 -981 -133 898 817 558 -166 -964 698 -962 -293 582 -203 949 635 131 896 -210 -366 128 179 597 659 320 988 -930 -946 975 -251 212 -17 -521 308 900 -885 302 627 973 -227 105 -657 -367 704 -471 -62 -537 738 -57 756 -429 958 444 -532
929 -73 -896 64 -741 874 -503 356 773 990 -579 -525 -228 -459 418 518 715 -179 220 899 983 -748 -972 415 707 -870 488 -112 -161 861 644 -942 788 627 932 -705 671 930 735 -575 -881 -30 424 137 313 180 -290 -156 124 365 856 875 176 286 801 -149 547 229 -985 52 -937 146 -153 371 927 -806 455 633 -707 737 560 -443 -168 -828 -70 294 -735 -239 684 -468 607 924 -89 -380 -859 -427 978 -139 -731 -725 -936 941 -694 261 -421 235 863 428 276 931
-258 795 -538 -695 550 984 118 -263 657 354 -510 -156 608 478 782 -522 -485 -189 149 710 183 -731 -344 971 -3 304 330 -197 -848 -106 964 -890 -567 770 -472 894 846 -585 804 -129 -887 460 980 -501 -914 8 -231 586 833 170 -805 879 -939 -340 -163 693 -710 777 -317 524 351 830 780 -736 -663 -21 835 464 729 571 85 733 972 36 -907 -966 -73 963 -821 -139 -238 736 -605 490 861 -237 -534 302 416 -936 -866 866 453 -667 282 -354 -259 -40 -816 -938
-298 -419 -823 -910 376 -95 856 92 474 -689 596 -411 279 91 456 707 -107 -579 -611 602 -210 -485 736 407 -762 -953 -651 285 44 754 -45 -363 507 -675 833 629 -362 -980 451 330 806 739 961 830 382 742 -291 110 -257 -136 -544 -224 753 -435 -360 -521 99 -616 475 -716 22 866 -179 -424 -628 934 -52 -423 -713 288 206 782 -590 726 377 -911 484 -872 -174 232 -572 3 516 -877 -759 966 -909 926 -84 -460 -457 -706 471 -352 -266 835 -811 641 -437 143
-322 -477 -144 -231 -615 -535 -108 319 935 520 780 -74 824 -279 24 -438 434 -107 390 -215 221 878 -791 622 -738 -280 -329 823 -241 -17 -115 718 977 253 882 709 905 613 784 918 229 -792 374 -330 472 -789 478 962 271 611 646 -533 594 561 438 252 492 -941 -460 457 -632 -224 814 349 -267 276 -763 172 131 53 47 -373 -126 -506 493 550 249 -799 62 -155 436 -679 865 317 -510 304 -351 -827 518 619 449 356 853 -886 -219 -670 791 97 1 -154
328 -726 180 -986 -554 -998 596 915 -51 600 -683 431 -816 115 508 286 45 226 496 -898 -184 903 643 -8 430 783 -353 -35 990 -959 -434 17 -905 831 -471 -613 201 -379 896 -931 196 -12 43 381 911 -76 391 181 242 103 -685 -165 -457 746 796 -168 80 118 923 -895 96 261 842 -358 -611 877 -807 411 -469 650 869 647 -480 -162 499 610 -97 912 -823 467 -269 -435 -505 -830 -314 -257 166 670 360 -870 -139 -899 594 -28 893 185 -25 593 -396 -285
453 -248 -918 -781 -874 65 -849 561 -969 141 -144 -25 215 166 -984 531 871 372 -531 -376 261 -444 6 189 487 536 -817 -467 -388 -440 -584 -559 648 -620 -657 -39 100 569 711 784 -226 138 -177 434 689 -725 643 -433 868 -118 -570 763 649 -49 495 -770 -114 -178 235 -400 -983 -838 295 542 -978 -230 356 612 231 969 814 -480 940 -797 51 -238 960 642 -96 425 504 113 -610 568 -275 883 640 -26 -372 866 -461 980 377 659 -252 821 919 -323 -246 870
-176 -895 859 976 377 380 143 801 -783 106 693 512 977 -370 497 -605 995 521 805 -539 -313 -886 -96 409 -612 -675 320 -585 498 -617 172 672 301 -268 -837 -49 777 -394 673 -633 884 112 -219 -396 -582 324 -414 664 793 -255 831 41 33 -20 -33 816 -141 34 -401 635 89 -866 -838 -68 -990 210 -125 -23 520 -458 946 -565 706 26 867 311 -380 687 303 203 -163 -187 803 29 989 -703 -501 -339 -986 -17 325 233 -328 438 309 598 -210 -657 -201 882
496 582 -580 297 -19 -562 -797 846 -34 397 304 -105 -984 -146 14 511 82 -366 139 580 -150 -501 -317 -301 -262 -408 -464 -284 -718 -523 -505 731 88 468 994 -689 -566 0 -119 920 650 -32 -12 224 -511 420 448 850 -851 -663 -360 291 98 730 -118 -269 -58 590 71 -79 841 107 214 492 754 381 -124 305 287 -420 63 -779 94 -45 -104 548 999 -758 -120 418 123 344 86 725 451 -876 -197 -239 981 776 902 296 -432 120 328 -93 864 -741 64 -767
[RUN #4 500 10]
-224 -965 799 931 -721 -941 275 -135 2 391 156 373 523 -237 184 940 350 -861 599 -67 111 251 721 690 198 -281 -564 -103 262 108 -372 -182 -986 121 -718 744 -877 -626 -50 176 421 -795 -754 858 -453 -115 -883 224 463 -351 398 289 741 -470 264 402 705 618 -915 -763 -736 -844 -996 547 -288 568 -483 -699 -284 -327 -255 719 -545 582 -89 -456 -423 258 -828 -203 959 -92 169 290 -185 90 170 210 -692 905 353 576 920 229 4 -503 712 -48 -459 -902 409 -893 -652 -876 192 442 -212 -766 130 -946 -158 -774 -735 -804 365 651 -894 -645 -15 883 989 849 -577 -282 -136 51 541 -803 546 -395 -952 359 186 -37 -988 -75 428 -1 -581 -585 311 -404 589 468 378 802 -983 -256 -53 -535 297 -383 -910 -676 506 -236 250 435 -131 -648 -122 -378 -201 27 668 994 -419 448 -206 120 82 516 -880 -745 439 -812 -276 607 910 736 -159 733 117 779 -187 -492 -749 467 340 -384 932 -455 59 809 -607 -608 619 393 648 803 22 -399 -337 -81 -277 -45 -819 -630 -169 963 36 947 685 -932 659 797 -873 -928 -974 938 -83 424 -865 909 -177 704 283 -534 478 -785 -93 -19 285 507 -315 913 -859 780 -496 412 -64 -356 720 -116 631 -336 -501 -711 540 234 689 -217 577 -325 -520 709 -900 -584 823 327 389 543 686 89 -971 479 498 532 758 551 -867 691 -528 299 433 796 -380 617 -691 450 21 -779 466 997 -85 902 -252 -858 -657 917 163 776 370 -129 305 945 263 593 698 314 -610 180 916 -283 -285 387 -684 -807 254 -454 829 -432 -363 47 77 -421 525 -194 -605 890 -469 -291 -552 -752 -328 -431 -465 237 437 -202 -716 -292 444 988 9 -253 -715 -999 -811 55 -481 -717 214 954 -683 680 159 253 557 -316 157 162 -160 183 -373 -382 135 -102 -925 143 -514 308 708 561 445 605 419 998 -402 -796 -130 545 -955 425 109 436 533 678 -467 -872 554 95 711 -810 160 -778 -364 772 962 -405 566 79 -196 -207 -967 168 -757 692 830 382 663 205 74 502 438 -60 -374 477 990 401 -258 -114 474 -947 209 529 440 -926 -345 -184 -723 -377 764 -243 174 1 968 313 828 869 374 245 -672 -775 762 480 965 67 -168 -475 791 410 256 339 887 179 296 -491 221 -678 -457 -414 510 -442 -643 848 190 332 346 -101 515 -126 -732 -673 -746 -318 -392 84 100 834 351 911 -477 341 625 -99 -750 -879 864 -161 807 345 -831 -118 31 496 -208 -331 -120 -165 -527 484 -232 287 487 -495 517 -961 535 -293
177 -434 -8 31 -64 -177 -25 -976 -309 -186 34 -475 400 -655 -661 -254 135 -627 -517 561 -647 951 -379 -356 58 -141 292 982 -839 269 -569 392 -22 709 631 290 -608 -460 244 -589 -733 -13 -714 201 -325 -960 847 702 890 -744 657 -462 -371 -111 412 76 150 71 -613 -663 -916 -850 435 -295 330 -931 447 -621 618 -762 -855 -632 579 44 667 -335 -495 -795 289 -677 -367 232 441 25 840 185 314 729 235 961 801 697 -788 -81 -18 -646 -214 114 332 291 -5 374 -672 -701 -399 29 534 836 597 -760 -900 -746 -161 428 640 -867 962 -318 -302 578 15 -713 874 -394 693 143 -407 -990 334 -682 916 -433 917 -73 807 -390 -902 381 -565 -869 -147 -179 130 -965 -198 -368 -308 207 -511 -344 690 759 726 -715 954 552 -258 138 -761 -959 106 137 -791 -871 90 -278 49 -880 -820 417 -406 981 -51 -88 -686 -883 914 -781 -78 266 974 986 -476 755 677 -628 473 -375 -689 203 -775 -156 518 867 -377 -20 -567 -824 421 580 897 -698 906 361 476 718 446 -221 -395 764 969 -458 -494 671 -805 -158 907 -89 -477 -412 -60 -185 -266 -393 -774 -53 -21 264 543 426 627 -19 913 -363 -416 -160 -45 -311 -692 -549 880 -539 369 944 653 -405 59 -432 420 -681 -144 536 115 -192 698 574 -339 -785 894 -153 -588 975 5 -546 274 -975 -594 -541 -852 -500 770 659 -496 -15 806 494 -206 -482 -374 438 261 0 -822 -707 -226 -97 -634 -674 886 -941 738 924 -182 -411 818 24 253 -196 -301 -35 -989 -582 -662 250 -587 -236 824 811 191 216 -819 750 504 208 272 352 -856 153 560 493 57 -804 869 -988 -9 35 284 -351 -617 645 650 620 212 872 977 895 408 -732 32 -669 484 784 -809 82 721 163 -735 -794 -143 265 545 183 385 -586 -797 318 69 -956 919 -162 357 -488 206 215 -803 -299 -895 -341 708 303 -234 -811 -862 27 -554 950 559 -508 336 -768 -491 -551 -27 -296 739 -56 -392 773 -428 601 -132 -324 320 326 186 56 821 941 532 722 589 463 424 268 692 427 148 -322 -737 788 -336 149 -176 -792 -279 167 -903 -734 616 855 967 460 205 -402 -410 -683 945 990 -706 -361 558 307 891 -431 211 -950 -614 -678 566 681 309 -451 933 -973 685 -391 730 630 -983 598 -622 -675 793 -823 469 373 -257 -915 134 658 -26 387 735 -108 341 231 -360 -527 -688 87 277 -505 987 845 963 -593 -924 -170 864 612 255 -388 252 611 262 -389 996 833 -722 -80 -926 347 -218 795 774 95 28 877 -665 -12
360 -463 -504 252 -762 -157 -375 884 738 658 549 522 -179 881 807 -449 -76 -541 -88 482 -952 28 -633 -998 32 -256 763 -882 803 -234 55 -357 -813 595 -800 -304 -454 -582 29 -626 998 591 -458 -427 598 132 -576 873 68 -624 -747 -298 -426 -728 -3 -953 379 682 902 -823 40 430 -547 265 990 -461 828 -258 -408 -824 -104 635 839 811 -825 117 544 319 625 -324 -822 4 433 -814 -827 -55 615 -579 261 -496 83 -638 221 -719 846 730 -523 -343 78 -201 -306 713 -321 291 -632 -709 -493 -641 -708 -555 422 -580 373 747 -218 -691 631 -968 542 -171 365 -913 -310 -154 208 725 792 953 726 -835 946 897 -826 -6 -662 66 547 -644 188 112 -296 -779 825 -328 -297 194 912 -829 200 -988 -195 60 -148 -526 -131 203 417 412 -267 -401 -960 53 -50 459 607 176 514 -941 966 -631 -650 565 981 -542 -788 -109 -534 -62 -836 -552 748 -712 89 -460 582 -505 237 571 493 -869 17 -549 759 653 -38 895 450 273 -204 -754 362 -252 114 455 -230 344 31 -5 42 -736 -22 18 -406 82 350 -475 -305 123 -126 156 453 -194 -169 384 225 877 14 -215 3 -441 325 -516 -669 -229 -197 -985 -92 888 -470 945 780 693 180 -438 -904 -886 244 960 -307 -260 913 968 304 -383 -125 -466 817 -280 -583 955 -315 99 -608 -973 -935 -261 -896 -610 -949 315 992 35 536 -111 -96 -80 833 852 641 -962 59 -645 -801 0 274 -424 764 750 -345 546 -312 983 258 -996 2 133 -815 172 -750 -507 541 853 339 314 381 77 -503 -358 -874 189 844 -75 808 159 -860 -269 952 579 -921 -637 -548 -291 906 -574 800 -263 -741 -760 -518 950 -31 292 910 -136 -56 -566 -443 679 443 519 779 -592 -511 -773 -311 736 -991 -918 488 -845 731 -606 33 -685 531 -520 80 -790 956 -716 896 836 538 620 791 -726 -468 -844 -875 834 988 416 -944 930 -186 322 -469 915 -611 -687 498 -701 -546 -878 -604 799 -282 832 122 815 -681 -731 284 -134 854 708 -937 563 637 699 702 644 971 -955 129 617 796 155 -208 346 643 -830 -13 -757 885 256 677 804 -279 757 263 -82 116 831 -26 -834 -636 -476 -319 -259 935 951 -590 900 197 772 639 -114 -485 -734 651 -920 875 316 439 160 -697 -715 -10 481 -145 -158 377 -877 664 131 -404 303 -787 -66 167 324 584 -643 87 706 749 985 -482 349 102 -417 646 474 320 663 979 -831 -78 528 -677 -670 -694 -220 -578 919 -512 -727 972 886 72 -923 361 -455 -957 -23 -500 729 856 -543
-719 -872 605 -924 -214 -234 -753 -302 -213 -433 561 43 806 710 -781 921 898 -806 -72 -490 342 -197 922 -335 522 190 -817 -46 -563 -390 -665 -45 -215 -231 -901 -237 -684 386 116 -766 270 -586 166 -112 654 322 -818 -580 -69 988 380 -323 -160 617 -273 -466 277 -437 785 584 -994 174 999 592 293 924 -577 247 670 632 -152 790 371 -679 -331 -349 134 -408 564 -17 -910 652 250 269 127 -977 -717 915 -850 157 982 908 -20 -925 744 -88 198 891 697 -926 94 -937 -661 -238 725 400 644 -725 -632 307 619 833 913 -291 781 701 -683 570 152 -700 182 743 -755 746 518 382 586 -660 629 -133 719 240 -932 -855 -330 -735 -286 -308 772 377 -967 -118 968 328 187 -686 -446 -104 593 -841 -941 -736 96 468 16 325 207 -386 341 756 603 -871 385 406 667 -198 186 889 276 -473 224 747 15 -42 -99 -288 -997 -399 87 432 699 657 560 -445 -931 914 -551 -963 -30 203 501 -475 -89 472 -648 -305 -834 -185 79 -635 -287 -909 -608 -222 837 528 -91 623 435 441 923 -224 525 -414 906 265 478 -96 -840 146 158 -469 200 143 -670 373 168 -905 -668 -968 -130 101 155 41 817 14 -284 44 900 -249 807 -682 454 -651 693 755 687 414 -113 -745 -320 -344 620 -155 231 -662 71 -280 601 558 396 -553 195 280 -815 827 288 814 686 616 609 -742 -306 32 -314 -774 -508 885 728 462 892 243 -394 -615 383 -593 -18 -476 -711 -154 77 255 -137 360 -777 136 153 133 -33 692 310 -140 312 -468 878 -654 25 -474 899 -405 -411 -369 688 960 10 978 -401 -918 425 -464 -976 572 411 -29 -793 181 -874 -617 -5 -860 7 -773 -938 241 -202 -235 298 150 -621 -358 -578 -867 582 -587 766 335 -959 123 -947 718 -645 979 495 -244 -549 -354 242 -574 397 162 70 26 324 655 -958 636 -915 991 -590 -524 -227 -856 284 -325 627 -232 -403 -285 -164 903 -277 -502 783 659 376 531 437 -528 573 764 961 769 85 -517 230 -980 -955 419 -906 -41 -225 926 -372 -488 904 -699 227 884 -435 -629 -826 -688 84 -772 -680 -481 -641 433 -756 -583 73 -673 943 -739 -423 -13 678 -465 -702 500 -167 -875 -449 -417 185 -54 -146 -862 -373 -852 871 685 -810 -851 -727 -458 -90 -61 338 920 537 -535 543 -953 945 -304 193 -605 114 523 -728 -904 -57 -618 740 -835 550 -613 -722 -209 9 535 -597 42 571 192 621 -971 -156 -371 -935 598 297 907 854 768 -501 -103 844 575 929 -254 -255 -312 60 -111 801 -38 -119 -340
533 270 423 662 262 157 739 -915 -350 -65 -268 632 189 -344 -135 -885 101 98 332 379 678 549 275 196 266 179 896 859 -725 102 355 648 136 182 972 -603 899 794 911 635 82 -522 -780 -210 -586 403 785 900 -94 978 838 753 -876 768 -339 -496 819 130 -103 128 -259 112 -324 -608 256 820 280 671 -283 -9 -361 234 289 522 -39 372 -427 -99 836 -108 690 376 -354 500 -708 685 -654 199 -981 738 0 99 -836 -886 655 -775 -116 988 -940 360 129 -877 214 -823 646 -330 -678 446 -999 -668 -623 79 -487 677 -973 -596 279 -910 -5 744 -928 701 -294 -735 478 272 458 216 856 -808 -794 -422 -832 -437 -642 -504 43 -248 863 -256 803 54 30 -321 -624 -334 -88 -695 -704 -312 -173 -866 776 173 -198 230 -622 775 539 -276 -946 -63 954 -682 -673 808 735 -59 697 276 910 448 -525 -209 -648 -548 -250 -55 -162 430 319 -351 474 -621 516 -389 -731 725 -752 254 -789 770 143 183 -724 -213 494 111 -634 -262 -217 -356 -664 -767 -14 848 496 -192 -588 -667 -990 207 -302 -858 353 481 324 354 482 244 -358 -271 -494 795 913 155 924 809 292 -663 163 -766 -890 -273 -379 864 134 -542 -759 -763 894 546 -545 34 -960 -882 -143 -457 -41 445 153 -282 554 297 133 161 824 -988 191 210 10 149 681 627 257 497 -418 -77 -42 -792 568 -987 135 751 -142 -686 148 -591 504 -27 466 472 -611 891 103 -450 720 -317 -424 -756 908 -578 -941 -244 -227 -235 -544 454 410 460 -52 -323 706 813 287 772 417 66 -916 -147 -680 937 -872 -40 121 198 -384 -270 843 801 237 -87 543 326 982 871 -315 830 -360 -991 575 -476 -901 -719 24 -888 -976 592 -720 845 -298 53 511 -293 96 -770 -768 -582 -721 377 383 -853 -963 277 178 380 346 60 -349 672 -266 550 168 667 433 650 315 -72 939 398 633 881 -129 909 127 537 595 -829 202 -500 -253 -485 -481 570 -627 -927 -81 703 673 95 802 -193 -468 591 271 -331 -560 -961 -224 839 37 852 -332 669 365 961 726 421 -535 854 606 132 897 -23 -807 -914 649 250 -810 -54 186 -295 93 -994 11 -48 273 949 284 -618 -694 92 898 357 76 139 -660 -633 17 829 177 -484 -278 -454 902 -340 806 349 -737 23 948 -163 -207 322 -817 -539 -341 622 -950 476 654 57 576 -444 797 -874 -204 889 -10 756 -644 -430 -562 -82 241 160 -289 18 22 -168 -232 -265 340 -839 -732 -849 -220 -428 860 -833 359 487 641 -926 378 769 -509 81 204 -433
343 -492 -723 -607 412 25 246 -493 -911 -721 285 686 939 706 -160 831 -185 723 -974 -299 403 964 -583 -538 924 -838 -168 322 503 124 657 -427 -244 -725 -401 553 183 204 -81 405 342 575 -877 -184 240 -145 -354 102 937 -276 84 333 -900 316 500 301 -99 -194 -525 -648 14 985 -465 -928 304 -104 431 156 -627 325 -636 -556 351 617 -272 -697 865 903 -569 166 -713 -680 -398 90 2 -888 -254 678 -797 -672 652 656 651 860 -857 987 -132 238 868 -278 -336 610 -335 687 -378 -564 540 849 955 -76 394 -303 804 -843 614 -882 -199 737 708 414 203 846 730 -863 64 143 -520 803 690 842 -543 439 38 355 595 512 -580 -856 87 643 -516 -483 313 45 823 -435 895 -546 624 -517 305 965 622 -763 138 -458 589 -476 -399 -334 217 761 464 727 -605 -83 -925 287 -266 816 312 -635 789 241 541 -958 393 -593 110 -930 -867 570 281 -833 -70 130 -86 600 -670 -609 584 -64 956 -511 510 898 -274 -634 909 -450 -706 -591 819 745 311 802 216 827 613 469 -200 -619 382 -963 -934 -785 247 -845 -60 -256 -809 -529 -499 836 -760 582 484 -8 -993 -24 -365 -957 -941 -562 -751 -280 -825 448 -343 -822 -223 502 440 -195 450 -187 988 -726 -851 -783 -519 -385 683 -853 -212 -961 -810 641 -829 -535 -376 320 445 -3 -377 -363 649 -331 -926 -255 149 548 -729 -140 961 666 158 -486 -656 -767 -356 197 257 702 417 -217 578 -732 235 917 -333 -667 68 813 -819 -970 280 208 -873 -743 794 -613 -267 451 -728 -532 244 620 713 35 352 -542 -149 806 249 321 -541 915 -117 347 -615 669 -905 722 530 -779 -548 -659 947 -206 -313 365 449 -883 -347 54 940 -20 523 698 -326 -270 185 259 -582 -431 -112 -897 145 959 -188 -923 -521 -828 -75 230 119 528 -178 -4 -771 363 593 771 22 99 -972 318 -482 818 -746 -874 -551 654 507 787 -600 -966 -566 57 -954 -30 647 -411 597 668 -134 -842 79 650 71 783 344 108 999 -226 -964 -85 -789 50 -225 897 -444 -850 -290 -146 -233 139 -90 644 799 -373 277 663 473 -227 -716 728 -144 121 700 581 499 -547 -170 505 765 -839 357 272 -121 -341 -153 563 981 378 -324 -965 630 -999 -718 -50 -35 341 -239 -281 566 504 -419 -694 -655 -257 -744 488 -242 -323 -271 -984 -878 5 -204 144 -676 -640 -777 -57 -980 55 861 670 368 353 -128 -875 -439 -710 645 720 433 -115 -5 250 -658 -572 607 -722 693 199 -434 606 383 -79 616 776 -892 -544 -679 -330 922 12
82 876 -360 386 521 912 177 -705 -14 444 -917 343 -551 -217 601 122 965 127 -221 -346 -239 432 281 -126 979 -495 378 -988 -500 109 -695 -904 542 -39 -397 -511 -372 946 914 186 -135 -337 -452 -99 349 527 516 751 -284 388 -314 -729 -770 151 602 587 -759 -940 -125 475 92 869 -839 644 -220 165 765 -937 294 827 -417 -718 -889 -324 -78 747 549 -798 257 -861 -581 -478 -430 390 930 -709 27 -775 -957 -471 511 395 422 -603 -18 704 134 -847 442 140 21 -654 -529 -656 271 -431 285 -734 -599 671 -706 114 -69 642 371 202 689 -108 157 182 -531 545 184 -748 -939 535 -672 -588 518 -484 160 -751 605 -46 670 828 -781 652 488 31 -143 339 433 -252 277 572 453 -864 -819 998 -831 -738 -792 871 -619 263 -821 910 726 123 -844 556 -374 -686 -540 -291 333 364 381 404 916 137 -814 865 980 -32 -36 -556 -51 -853 978 116 152 -740 131 -90 288 -253 396 173 -773 -789 -304 766 -768 -73 -499 -894 -158 -825 450 -516 354 -155 -343 -120 -763 -420 19 883 755 -477 421 991 960 150 -966 -726 265 320 -165 -661 923 236 -336 577 -175 397 -433 51 767 57 -208 -990 -259 776 167 -492 18 -198 737 -909 352 -631 -820 815 753 76 -134 194 -358 -636 79 -357 759 -59 -361 -834 34 -979 -16 -615 -655 -697 -879 470 769 159 -359 -204 -86 735 888 -219 -623 227 -405 -429 440 -737 96 937 730 -354 -852 -594 715 -977 -265 -451 -434 -76 -74 541 405 -743 47 -923 -401 -871 398 469 569 344 423 -248 240 -485 -7 -223 -213 -674 462 698 -137 347 -335 -987 -524 -371 476 623 583 -306 -754 -263 850 -690 -369 -480 -591 329 540 806 -912 824 -328 -251 -470 252 -3 529 -933 -504 335 406 613 -246 -986 -423 746 -749 -878 680 749 -243 -95 -339 1 249 -424 834 -410 103 73 75 970 -13 158 220 403 780 -534 939 425 562 532 -443 915 22 934 -416 -739 -892 -419 927 -205 911 -675 -330 -857 -795 107 -580 185 489 248 896 62 -684 -717 843 513 -322 6 253 -645 -589 -667 794 -368 -505 351 560 471 -185 817 686 724 -503 459 -993 696 362 743 -307 -30 995 -617 -313 949 -609 369 706 955 -215 -145 -586 356 -572 -107 235 -26 -605 975 723 863 105 -577 5 328 -25 -872 -264 52 900 -9 222 -648 -293 -476 -71 -668 -575 171 -298 799 -583 -63 -206 126 -201 -742 -922 -149 -403 790 379 84 -805 483 -347 274 -528 853 492 897 926 -955 -974 -21 508 -458 918 874 -234 246 -11 326 554
362 -501 372 -514 -481 827 -103 511 695 -767 -600 31 210 858 -663 228 -642 -137 -870 -955 -280 -401 100 558 194 -335 -871 952 477 -326 -451 -293 45 383 503 465 849 -805 443 -986 47 797 -91 -677 -675 -918 642 901 -422 759 844 -34 960 -332 -298 -533 336 375 254 -371 -752 -50 -170 -173 92 -568 -924 -796 631 502 548 654 -363 747 69 -634 523 -647 -806 -512 -484 694 -908 753 -959 136 147 382 -404 -676 154 -515 394 912 -146 -397 670 771 926 -623 -57 752 -398 -837 -22 -536 -822 -299 341 351 945 -958 -40 -987 946 -859 868 917 -912 561 -649 46 -672 246 -578 934 -700 -475 929 202 473 279 -390 974 -67 364 786 -467 260 -372 -189 897 930 531 774 -339 976 278 207 -171 -678 -248 -187 487 -38 -418 392 -940 61 227 153 390 -665 875 -541 566 314 492 542 396 -201 555 -275 -441 595 -456 -323 -792 241 398 -271 -674 -967 237 -952 330 -44 723 -658 -483 -312 -241 -722 843 298 -327 -341 215 727 577 -3 506 -377 96 -580 721 -154 -546 -656 116 578 788 -816 -94 -447 -562 -437 158 -787 405 -776 -463 -505 326 -92 985 249 458 -68 316 860 812 57 464 -60 188 -607 358 -648 -981 -537 -532 914 -880 -571 -963 -843 -267 -204 -905 184 -686 -815 -657 347 457 575 777 -587 -875 21 881 -386 560 850 -828 -721 650 820 157 -820 213 -289 -654 -429 423 248 -524 -227 -282 -76 -698 900 363 -608 -145 -6 855 307 -506 -361 -449 691 811 -184 275 -750 -219 728 -110 652 879 -539 -835 -681 280 -301 621 718 -446 -738 625 -375 -883 -254 302 780 794 -704 776 -268 17 138 -95 -235 -364 376 77 499 -621 -489 -542 377 430 -730 7 -292 648 127 769 366 11 -764 529 -226 -577 297 -305 741 -631 321 42 871 664 -240 -640 104 657 -851 658 -321 472 160 -257 -47 545 108 943 145 400 -527 -490 -759 -597 870 16 432 640 -236 -23 -650 -644 -163 -243 312 565 -358 -720 187 -934 568 320 256 -443 687 107 876 -765 -166 -965 808 602 -939 -709 -558 125 -740 272 244 979 460 -86 -975 983 591 -611 -328 -971 -167 -756 435 627 676 -712 -426 -706 247 800 866 -535 75 216 -42 696 641 294 725 716 922 -823 -411 551 -492 323 -916 -35 909 -817 802 -937 335 709 987 -748 71 -452 334 -49 152 761 888 -112 374 798 -359 97 -476 -547 -311 -594 -36 612 -763 -220 -962 -605 806 419 497 -306 -132 751 203 882 632 461 -863 -108 -367 -384 -818 426 -932 265 -247 528 -455 212 -445 135
-289 145 749 -23 -295 -690 -715 -222 519 -510 -214 -434 526 -84 -731 -970 -807 841 789 -131 751 -680 -903 -779 -649 462 522 -71 -564 -440 247 928 -174 -293 -526 -415 319 -336 496 595 514 146 716 697 -171 -849 -937 -331 243 -473 -198 888 -773 671 871 -241 810 -392 -784 81 3 -249 -474 846 705 -205 93 -825 590 -995 -996 -906 -134 989 -448 699 -753 -49 -115 825 -700 557 -202 973 -294 337 -961 -805 953 -504 197 840 676 461 -611 -276 -298 870 696 107 -320 755 663 366 828 816 -322 824 0 -823 203 -484 371 -444 -582 544 -250 556 619 536 140 -832 -290 -729 757 -711 -677 439 75 403 -617 234 -594 -485 -89 353 -701 602 -86 -756 -104 -107 -18 469 -179 920 -195 620 106 869 710 -698 551 22 401 -187 114 122 -641 -583 479 700 -368 968 -374 787 -831 -16 -872 901 -391 -326 834 -338 -871 768 474 -82 -691 -13 594 974 -309 -952 562 692 37 -162 586 -621 84 109 350 -640 -387 218 73 -184 967 -693 781 660 986 529 -12 673 -746 69 -231 -386 222 -615 -413 654 -761 783 317 -272 -540 -130 890 280 -132 -97 797 -17 207 -623 996 -551 -606 877 624 -28 395 -29 19 538 -96 778 -296 754 -447 552 -730 -900 -56 77 -967 445 28 -917 -960 408 635 -196 -762 499 335 741 875 993 -528 819 -321 815 509 -718 773 -722 -678 -396 -347 600 -522 -785 372 924 -992 -129 223 480 -65 78 -776 575 -350 399 -674 689 297 318 -341 560 -563 -207 231 -517 -79 582 -919 -30 850 -519 -596 -896 -858 807 -535 -673 -665 -14 -987 355 742 -914 -585 981 211 542 614 178 64 777 228 94 87 -945 -954 -406 -998 985 -927 -140 -549 -303 -426 -604 -497 -852 -407 -568 422 695 -189 -513 -21 188 -565 -498 848 -873 -822 258 333 882 251 212 -907 -235 -845 864 38 -502 328 -555 -654 -892 -894 -704 612 838 -288 230 304 -684 -409 44 798 -417 -976 641 151 -136 -918 359 580 827 -695 626 -432 813 733 -282 822 -361 -781 91 -31 930 177 -857 -2 804 -974 263 425 -885 -362 302 -143 -728 176 508 852 -33 -669 899 -660 385 -936 -35 431 485 -755 942 -622 239 -850 -443 -101 241 162 172 -139 904 -573 -503 48 703 -154 -436 826 -567 329 -710 153 267 701 767 958 629 -117 -940 133 507 -61 669 -860 -663 -605 794 321 236 559 112 246 411 -164 43 82 -580 148 -58 -297 -922 440 649 -404 983 760 750 589 596 -994 -42 210 539 -955 -495 392 -768 994 -200 -102 453 513 235 -137 -116
-245 -774 738 -534 -590 -18 245 -306 961 412 389 -229 812 43 508 -847 966 -137 433 -248 146 -855 188 -299 -822 295 598 761 136 843 692 994 14 167 684 -816 -158 817 681 -315 -693 -859 419 -73 -642 -171 268 -909 -406 -27 608 293 677 -479 627 462 -195 247 -536 921 425 -7 499 -95 -572 204 -788 -910 -297 -304 -661 429 60 -381 464 27 842 461 -675 480 -888 595 807 -237 -396 -240 -331 786 -31 794 90 957 -305 46 -87 529 -894 17 207 364 -848 788 -394 783 -818 791 -416 -115 -346 -999 -432 -224 760 -578 -254 715 965 663 732 362 340 -969 -118 675 -287 -555 -938 447 -510 -926 -930 -30 -235 52 479 -723 -6 -1000 -899 -410 -913 -128 -811 -65 -713 837 -182 -945 940 -341 737 -522 -484 368 -922 -607 -967 771 -57 -138 -755 544 500 -170 -164 422 -505 955 -815 -763 -140 -508 612 -962 509 602 458 959 694 -428 115 -995 -366 333 954 -592 -402 -326 394 -388 -228 -993 -968 -740 884 -167 -769 -683 765 347 -342 -724 -449 383 -653 -545 463 -225 -452 342 993 -908 -527 967 -43 903 -735 -518 -531 -500 149 -790 359 424 -687 -50 -467 -318 -977 -849 133 -625 -79 8 -883 -206 -596 -907 -40 -319 184 495 179 251 -989 -368 -793 -704 888 780 879 813 -839 -141 -144 -68 678 -349 757 644 -988 895 211 584 498 -464 186 124 -870 147 310 -637 30 833 -369 -646 -216 460 -617 657 -648 -986 448 592 762 2 779 -80 468 709 -11 399 -629 -215 905 201 686 -671 471 -227 924 84 -457 -303 143 -812 784 896 233 919 -624 -958 -8 -647 -325 -553 911 890 -238 -13 36 744 170 -852 -959 -86 871 -456 271 -209 252 -513 145 -826 -770 -180 535 318 918 -829 -288 -314 67 -694 -627 -162 917 -230 -900 -869 -983 -236 688 -932 239 942 -610 181 -875 -361 172 95 -680 -937 -796 70 337 989 -641 647 390 975 860 -9 574 -970 775 413 538 -405 -89 99 872 638 -121 -62 -32 773 847 -701 693 935 -820 610 -334 534 -78 -191 -630 -312 261 753 620 849 -316 -781 -552 962 607 611 114 -689 -631 -618 -425 533 469 621 -285 42 951 -639 572 650 -611 -56 54 -843 344 902 436 158 -836 596 138 492 748 -385 -804 550 -308 161 -640 -743 -799 548 13 667 -451 5 -359 -697 300 -189 491 -418 -750 560 642 722 -111 717 673 633 -2 -514 -756 -529 830 -778 649 -242 473 487 861 75 -41 -556 -540 -728 301 -153 -498 -461 -187 135 897 -232 232 735 -458 -867 404 850 -840 808 63 -754 -684 -904
