[RUN #0 5 10]
993 -176 518 43 -927
-121 202 -284 926 -603
-370 648 -131 805 769
-204 -326 -224 -495 365
704 642 -177 660 945
-4 -657 -274 180 -357
666 -110 46 -261 429
-468 -1 254 652 -961
-49 -228 -318 -511 623
239 -313 53 -716 115
[RUN #1 5 10]
-126 -64 -768 -927 613
-67 275 675 -961 -765
-900 -254 345 410 -716
769 547 563 -791 270
85 -229 331 -539 466
623 68 100 -21 -55
-654 206 -863 -642 79
-427 -750 847 579 -261
331 407 998 540 788
299 -203 -69 297 551
[RUN #2 5 10]
312 -190 -165 -51 -42
-316 -405 -802 624 -713
885 787 177 -731 -95
615 -7 -584 -950 -663
-216 568 189 -137 -384
-99 138 -239 441 8
-248 -767 -978 460 238
198 -533 582 -602 260
-780 -754 -595 -189 -137
-153 -220 840 -320 525
[RUN #3 5 10]
635 -947 -582 -824 -297
-464 736 848 -489 452
-513 -593 -197 323 391
47 -793 337 -285 -255
-687 502 -376 837 -738
204 -92 -754 400 562
-456 -448 -499 -789 -155
600 747 -420 7 103
-425 759 -191 403 895
869 113 -403 243 -829
[RUN #4 5 10]
-932 -910 574 425 -463
-15 611 -309 -402 847
654 -723 -925 410 367
770 -774 744 -635 606
212 339 148 -280 -57
-894 -839 480 -233 388
85 167 311 720 -653
872 -127 -964 -818 -922
-316 -138 -995 -243 -377
-461 -653 712 606 -471
[RUN #5 5 10]
-520 865 665 -402 705
-245 472 824 306 955
-669 -800 -485 600 -698
-301 321 80 -985 -936
68 -598 -954 249 930
-162 314 77 -514 529
454 591 -783 -256 -649
-518 -392 -603 -60 626
888 -308 646 422 -141
92 -427 705 69 -27
[RUN #6 5 10]
-520 735 289 -719 -481
876 94 519 769 -406
-580 -651 -828 -597 -369
-796 686 -363 -941 -699
420 176 -263 635 249
-773 -698 -838 48 -322
969 56 -389 154 -934
-149 12 552 821 -724
679 -542 -223 294 633
-314 -644 -671 -234 463
[RUN #7 5 10]
335 390 135 324 -320
-680 574 838 -832 415
350 187 686 -34 -967
56 -159 104 41 -626
-814 323 -65 -879 -486
-589 293 260 -870 969
264 573 410 -705 51
-431 821 -249 -460 -180
-317 554 648 -398 816
124 -990 -552 -814 648
[RUN #8 5 10]
177 -901 -259 338 544
-767 -675 804 -627 -458
-100 273 474 -375 211
556 760 27 333 -64
-253 282 -895 750 -648
-122 206 -368 -692 -519
-904 -666 -439 -416 -786
386 78 -663 -67 396
-305 923 70 108 972
-380 -910 411 -398 2
[RUN #9 200 10]
-61 -295 840 122 -385 -453 -937 -17 -934 -235 -263 -393 -780 698 548 156 -888 -616 805 166 -454 986 323 -802 82 -819 -716 120 553 793 349 -326 -155 303 -306 -694 482 -920 663 -852 -606 -587 135 -517 -576 903 -894 457 693 70 300 -127 894 -333 -938 479 54 -66 -897 -621 -352 454 461 -800 -202 878 -975 466 -738 48 -818 387 -203 779 -196 -510 -578 968 -53 -115 -688 -56 96 -129 488 359 582 -288 -417 -283 -655 -83 -997 -281 -67 590 874 946 603 524 -230 -153 431 547 -991 -804 361 -943 -496 259 190 464 308 9 -832 336 -976 417 -420 -752 164 -710 141 43 900 -806 171 371 -978 998 -95 75 -121 701 622 -430 152 490 892 -698 -945 84 -791 -623 -557 875 811 285 -933 340 -177 483 -128 -169 383 711 -162 235 -216 808 -501 -92 -159 -634 -700 564 -640 544 -276 790 -264 504 636 762 -500 446 62 893 -57 -695 170 154 749 585 737 -474 -8 690 -197 149 -351 87 -312 -983 -714 -232 921 460 192 -158
-81 -832 -953 216 508 -219 745 230 200 -858 -291 -632 250 602 -103 550 820 980 -457 394 -172 722 158 912 -337 504 -471 -318 -218 -665 -404 -371 -304 -260 542 -452 -676 -979 149 -496 -561 -29 42 -399 82 17 574 697 -156 -112 -320 -65 366 -559 -303 -620 -211 -92 533 -134 372 -447 -206 906 843 -75 584 975 -289 -991 487 -389 -537 893 333 214 -788 -540 467 358 -163 693 -512 884 853 204 -929 -952 375 879 -115 276 809 -440 -202 675 -388 -296 -805 694 243 -585 537 -73 997 -728 770 162 -362 471 237 385 -741 224 -835 12 -22 744 357 614 330 261 976 -292 409 804 -212 -701 -11 -47 -394 -816 323 23 -884 -611 -720 -423 482 -415 -574 -366 455 -836 -485 -687 567 15 977 888 -910 109 974 -511 -80 -738 921 -749 -621 -694 46 -234 936 36 384 306 -971 205 633 -418 926 244 702 -973 176 -341 937 246 -334 874 946 917 -428 54 -39 4 442 203 355 435 775 -763 -974 468 -688 -663 -748 714 -580 -842
-769 468 878 413 170 981 181 -347 416 355 303 -61 -625 -712 -607 -802 401 -474 91 -565 660 -56 -245 753 -288 427 -959 -951 -578 -311 -732 73 -684 -183 609 345 221 256 948 -508 -279 -671 -624 721 -790 932 421 -155 922 69 -711 676 867 -635 -738 -532 666 -219 529 -255 -420 358 -148 -885 498 -573 495 -335 180 -774 -73 -507 -475 372 965 -735 887 796 420 -387 -512 -222 -736 368 -377 -180 -7 388 -300 -242 455 876 629 158 -945 -538 -817 -203 946 -719 924 597 -721 125 914 -477 -376 757 732 -686 -18 213 -651 -759 647 -577 -122 -500 556 -83 809 -816 -351 8 -777 977 371 246 780 798 481 -404 479 -395 412 -966 923 -110 -327 957 -271 -590 958 806 812 -893 -27 252 -555 471 -137 -616 -48 823 -830 501 363 -333 -406 681 -368 -357 762 -775 339 -340 309 793 -700 127 239 13 -976 908 287 350 -236 520 -505 107 578 557 916 -1 351 -383 486 -849 57 45 -527 43 173 -89 670 960 896 -196 -870 31
-913 -605 966 -211 -513 -389 -911 -413 -703 -183 -832 -315 437 -140 -33 708 218 199 -327 467 -120 -940 -458 566 662 6 -663 972 -191 -946 499 923 -377 318 565 606 683 368 -709 502 114 130 731 -662 918 -578 -376 156 -204 -207 -200 -271 361 -910 -752 38 -599 198 812 -210 -582 -968 220 -630 -733 911 -609 -169 140 315 -862 406 87 875 91 -84 -815 476 -250 -430 860 -329 -589 458 953 -988 -714 -597 -767 739 752 469 -395 144 926 -804 -436 -365 -476 314 639 632 -727 -20 -708 -34 -28 -550 213 -456 388 741 -37 -687 827 513 -308 -149 794 374 496 62 -227 -819 236 34 154 -144 -660 -643 240 340 227 -813 637 828 597 724 232 538 -853 -617 -121 118 439 21 -404 532 -287 839 -44 463 455 -573 645 963 468 -142 -145 -105 -232 -133 -917 -166 957 -651 940 -262 920 735 -608 -112 -930 579 -35 -820 389 -695 550 -163 -324 495 203 803 -736 -634 482 297 -384 -111 179 -669 -492 504 176 64 -498 -593 -580 -775
-180 -132 -349 -456 713 70 -725 -800 845 -877 615 -331 960 -127 -6 926 -315 -223 -797 890 -171 186 498 165 -473 -760 -257 861 -863 664 209 -557 -301 -511 -710 555 978 -291 -98 456 816 -935 334 875 -280 35 836 31 -844 -77 -509 539 172 84 620 537 772 198 -176 202 421 551 493 -641 458 -899 85 -459 377 218 321 -693 963 961 253 597 684 756 384 -174 -838 -847 -287 -52 166 -452 -310 -16 1 698 956 -147 490 327 567 913 935 -271 532 -517 839 298 -914 -583 476 859 -948 -460 -103 119 229 -850 257 -131 -435 127 533 -238 771 -413 324 927 419 630 694 917 670 -894 -401 -66 231 -700 -887 -610 205 -638 -985 -957 762 463 -793 -598 -219 553 114 981 -931 -27 -245 -936 -637 -400 980 -43 368 444 -829 -424 912 536 543 933 831 -903 895 128 -35 769 417 818 -33 21 -536 -470 -677 614 -672 -195 410 968 -980 888 889 657 -367 -212 374 -656 -998 -317 -442 -307 -162 810 -716 945 -991 208 -411 -917
-813 -319 -806 -297 981 -872 -288 -611 601 941 -603 161 -414 -233 131 246 -675 916 -949 811 -463 -583 154 852 662 -995 -131 13 -807 175 119 -757 743 429 -811 -705 792 -716 -203 573 349 -910 675 -798 -124 -377 396 878 -330 160 -915 -447 -591 884 -721 -773 72 -268 -854 -93 216 -523 863 -402 -65 173 -907 968 -707 241 -784 -27 -880 953 501 55 751 -261 -236 556 -392 -410 58 -944 -134 -142 -510 -486 911 455 -85 992 520 731 -90 -847 777 339 694 -906 -141 -931 969 54 -183 874 492 333 324 630 -962 955 -350 9 -438 -207 -175 -181 -647 -529 892 79 376 101 -5 -890 297 -110 600 524 -766 548 -328 184 -381 -666 -794 121 -821 -92 362 -737 -560 -957 18 972 587 -660 476 772 -493 -104 -145 -159 715 580 -421 239 -147 372 -78 322 -943 913 -200 -173 422 -785 63 288 -586 220 -58 899 -341 -686 340 281 462 458 861 -804 -16 -648 -218 965 -776 256 236 -680 -38 -222 -558 -912 977 848 -37 -908 -66 -266
193 -520 -790 432 376 -58 -275 -961 829 944 268 429 -194 -79 277 -336 -407 122 -314 776 -760 -61 790 45 844 -945 -305 -347 490 888 -887 803 -826 412 -767 -781 -449 -18 -874 572 137 -290 -556 -255 764 804 487 987 -477 -576 -644 -509 87 -955 1 -688 -963 66 595 63 58 581 703 943 668 -758 -93 -265 749 82 162 -517 845 244 -200 -533 -291 752 861 -712 -667 476 13 -376 234 -467 594 742 798 299 -596 246 450 825 80 -345 144 184 330 -140 -332 240 -293 54 735 199 21 272 -950 609 -759 -120 -142 637 -51 578 -205 270 -190 777 713 -437 4 -442 -361 -951 -839 976 -114 -786 -506 882 392 -292 -180 204 -655 -352 -394 627 -676 48 945 -673 971 -42 142 -834 520 -491 872 -459 965 695 -668 -416 843 -75 247 -992 -659 -238 -158 -386 -354 -294 168 166 131 -557 -373 -2 472 685 640 -245 542 25 -204 -898 727 120 648 157 728 423 -906 -599 -90 44 -713 -460 88 693 -273 -226 599 -583 874 -355
170 -378 -735 -712 714 -963 478 990 -989 639 -700 769 76 28 -66 -383 -188 683 -562 -390 -533 -322 839 679 619 -191 459 294 308 821 739 485 -898 -448 -997 441 -156 501 -264 353 -667 -245 279 -118 237 -271 860 -213 -465 491 280 -763 443 734 -386 15 188 -286 -737 719 -953 -538 -617 67 -331 -529 723 391 641 -23 171 -159 -782 -164 -919 169 -593 -870 224 -850 -699 937 656 -598 -334 -844 438 861 708 -176 355 564 114 338 195 -597 8 251 558 -93 351 -972 -917 -909 -409 565 444 561 -645 488 154 678 -134 -738 -353 -89 -852 871 465 -273 83 -783 532 -791 339 -288 106 -265 891 -195 -939 323 255 -781 471 439 -566 946 527 -222 -127 698 428 789 -194 -756 -872 -606 -954 -632 640 193 -442 194 -949 141 222 741 -484 -218 681 -381 805 411 -233 -345 -589 -44 -64 321 -902 -239 -906 -493 416 929 557 197 301 30 220 -437 512 -291 -57 -499 -24 -205 -278 762 822 953 -210 484 -691 -750 72 605 -818 73
-165 19 740 348 -861 -318 991 -331 -303 437 261 392 0 919 16 726 188 -325 405 402 -212 -361 -237 830 797 -144 964 817 311 617 -832 -593 174 77 -372 953 -15 -181 -334 -548 -100 -646 -72 -173 -238 818 323 684 903 511 297 854 470 592 4 -444 572 -917 -423 -965 121 36 51 671 -764 -862 636 365 440 862 873 -713 358 147 -545 -603 169 -419 340 -769 -244 537 -503 -941 -672 -294 -897 -432 850 -740 540 238 880 -837 -696 -744 584 965 -805 -546 -448 928 180 157 -671 -751 288 496 -815 217 642 -871 101 -455 -736 -808 -890 89 -863 70 -527 -154 345 90 -210 866 162 849 500 -292 698 144 -509 -675 -287 839 251 116 -504 318 432 112 661 -363 -428 328 680 -235 145 -404 503 959 804 166 554 43 -823 -101 -166 982 -113 587 -781 -387 -636 -45 122 -563 -341 916 575 971 662 646 -523 -698 521 858 -5 -857 -191 -800 685 -140 -578 599 -902 922 -394 260 -728 -798 -936 596 -225 497 327 -373 -354 -564
799 -801 725 452 -41 -429 -103 348 740 -844 -866 116 -616 806 74 -765 977 -7 809 -180 -84 -406 530 -836 380 -330 546 -259 404 918 243 -711 919 -794 -929 -93 -899 -78 -267 -918 627 357 369 -619 689 932 -480 -32 -291 -444 250 963 736 125 613 720 378 -216 807 -828 278 433 -554 219 293 -516 -318 413 532 -917 179 -158 -377 -391 -229 729 -811 423 -265 9 828 616 -542 -558 -776 -731 -351 213 75 657 -695 -974 321 -669 -491 551 -975 -679 936 398 790 -294 83 935 -285 -595 637 -29 -840 383 -568 -169 -862 981 -820 852 -76 -137 103 924 -306 -982 -658 -465 728 -490 178 22 -962 218 -735 -624 -312 543 -344 944 -371 975 -367 85 -626 643 174 -728 -637 112 -293 396 -590 144 -689 -771 930 528 325 -848 -509 958 -500 -321 -60 -630 955 363 724 -184 -582 -907 217 211 -250 713 683 195 181 334 337 779 -873 881 -740 848 472 -871 453 52 -697 -870 -362 -814 -900 -410 854 -94 635 652 929 -845 432 -910
